{"logTime": "1109/150816", "correlationVector":"gA+6SdSuQRz8EDf0uyre1v.195","action":"GetUpdates", "result":"DeleteReceived", "context":{"id":"c5fe5941-7e8a-40dc-8ef8-a80ce92c900c", "isDeleted:":"true", "version":"1728304190049"}}
{"logTime": "1109/150816", "correlationVector":"gA+6SdSuQRz8EDf0uyre1v.196","action":"GetUpdates", "result":"DeleteReceived", "context":{"id":"3c2b206f-96ca-4406-9df3-c0d3ec8e5cdc", "isDeleted:":"true", "version":"1728304453426"}}
{"logTime": "1109/150816", "correlationVector":"gA+6SdSuQRz8EDf0uyre1v.197","action":"GetUpdates", "result":"DeleteReceived", "context":{"id":"da1eed40-6519-4f3a-9b88-b848e3275fce", "isDeleted:":"true", "version":"1728304453427"}}
{"logTime": "1109/150816", "correlationVector":"gA+6SdSuQRz8EDf0uyre1v.198","action":"GetUpdates", "result":"DeleteReceived", "context":{"id":"14163e03-4431-4e3c-accd-e01e12ea618c", "isDeleted:":"true", "version":"1728304592255"}}
{"logTime": "1109/150816", "correlationVector":"gA+6SdSuQRz8EDf0uyre1v.199","action":"GetUpdates", "result":"DeleteReceived", "context":{"id":"6c42daf1-56a3-4672-abed-87c7053ea893", "isDeleted:":"true", "version":"1728305169488"}}
{"logTime": "1109/150816", "correlationVector":"gA+6SdSuQRz8EDf0uyre1v.200","action":"GetUpdates", "result":"DeleteReceived", "context":{"id":"4e7fc309-7a7c-469f-a604-fdb3d43f5b59", "isDeleted:":"true", "version":"1728305370111"}}
{"logTime": "1109/150816", "correlationVector":"gA+6SdSuQRz8EDf0uyre1v.201","action":"GetUpdates", "result":"DeleteReceived", "context":{"id":"42c74812-a0f4-44bc-9352-b7cc0659eb08", "isDeleted:":"true", "version":"1728305761551"}}
{"logTime": "1109/150816", "correlationVector":"gA+6SdSuQRz8EDf0uyre1v.202","action":"GetUpdates", "result":"DeleteReceived", "context":{"id":"907cd531-0eec-4b81-bdf3-15f50b21a9d5", "isDeleted:":"true", "version":"1728309924345"}}
{"logTime": "1109/150816", "correlationVector":"gA+6SdSuQRz8EDf0uyre1v.203","action":"GetUpdates", "result":"DeleteReceived", "context":{"id":"5692d696-83a8-4f1a-9284-944804b70e13", "isDeleted:":"true", "version":"1728310229810"}}
{"logTime": "1109/150816", "correlationVector":"gA+6SdSuQRz8EDf0uyre1v.204","action":"GetUpdates", "result":"DeleteReceived", "context":{"id":"81169380-54ea-461e-86df-58a7ab0b40e9", "isDeleted:":"true", "version":"1728310377840"}}
{"logTime": "1109/150816", "correlationVector":"gA+6SdSuQRz8EDf0uyre1v.205","action":"GetUpdates", "result":"DeleteReceived", "context":{"id":"dc2e034d-2fc0-405c-ad50-a7c5b173a0f4", "isDeleted:":"true", "version":"1728310822608"}}
{"logTime": "1109/150816", "correlationVector":"gA+6SdSuQRz8EDf0uyre1v.206","action":"GetUpdates", "result":"DeleteReceived", "context":{"id":"04b840bd-0c46-405b-9ba9-2c4b9d1456b5", "isDeleted:":"true", "version":"1728310922782"}}
{"logTime": "1109/150816", "correlationVector":"gA+6SdSuQRz8EDf0uyre1v.207","action":"GetUpdates", "result":"DeleteReceived", "context":{"id":"8de50aa0-3522-4e94-9daf-33e20784cd4a", "isDeleted:":"true", "version":"1728311004403"}}
{"logTime": "1109/150816", "correlationVector":"gA+6SdSuQRz8EDf0uyre1v.208","action":"GetUpdates", "result":"DeleteReceived", "context":{"id":"ce435e5b-557f-4ebd-8933-ff7252c97b30", "isDeleted:":"true", "version":"1728311044034"}}
{"logTime": "1109/150816", "correlationVector":"gA+6SdSuQRz8EDf0uyre1v.209","action":"GetUpdates", "result":"DeleteReceived", "context":{"id":"93e48c39-0b09-4298-8296-3b09f5bc8d9f", "isDeleted:":"true", "version":"1728313974027"}}
{"logTime": "1109/150816", "correlationVector":"gA+6SdSuQRz8EDf0uyre1v.210","action":"GetUpdates", "result":"DeleteReceived", "context":{"id":"f6663bf3-8528-42cd-bc7b-4ab275003ec1", "isDeleted:":"true", "version":"1728361857633"}}
{"logTime": "1109/150816", "correlationVector":"gA+6SdSuQRz8EDf0uyre1v.211","action":"GetUpdates", "result":"DeleteReceived", "context":{"id":"7ae0118c-40c0-43f4-a196-5f5c9fb10890", "isDeleted:":"true", "version":"1728362696808"}}
{"logTime": "1109/150816", "correlationVector":"gA+6SdSuQRz8EDf0uyre1v.212","action":"GetUpdates", "result":"DeleteReceived", "context":{"id":"72685b3e-2432-4fb1-8cc4-19b684028fc0", "isDeleted:":"true", "version":"1728366124281"}}
{"logTime": "1109/150816", "correlationVector":"gA+6SdSuQRz8EDf0uyre1v.213","action":"GetUpdates", "result":"DeleteReceived", "context":{"id":"93083206-b884-45e7-a9bc-b6c7bfbb7aaa", "isDeleted:":"true", "version":"1728367091644"}}
{"logTime": "1109/150816", "correlationVector":"gA+6SdSuQRz8EDf0uyre1v.214","action":"GetUpdates", "result":"DeleteReceived", "context":{"id":"3c4b10ae-cf0b-4b54-8f78-111c1f9f4270", "isDeleted:":"true", "version":"1728368224796"}}
{"logTime": "1109/150816", "correlationVector":"gA+6SdSuQRz8EDf0uyre1v.215","action":"GetUpdates", "result":"DeleteReceived", "context":{"id":"e9c2e4ea-1029-427a-a77b-8ac6c8daaaac", "isDeleted:":"true", "version":"1728368258362"}}
{"logTime": "1109/150816", "correlationVector":"gA+6SdSuQRz8EDf0uyre1v.216","action":"GetUpdates", "result":"DeleteReceived", "context":{"id":"19701650-a841-4505-be3c-95e4db99106a", "isDeleted:":"true", "version":"1728368425629"}}
{"logTime": "1109/150816", "correlationVector":"gA+6SdSuQRz8EDf0uyre1v.217","action":"GetUpdates", "result":"DeleteReceived", "context":{"id":"0f5863dd-bb1c-4a3c-8339-3a1e0d008edf", "isDeleted:":"true", "version":"1728369228192"}}
{"logTime": "1109/150816", "correlationVector":"gA+6SdSuQRz8EDf0uyre1v.218","action":"GetUpdates", "result":"DeleteReceived", "context":{"id":"4859f984-7ed4-4291-b4bf-5e24859f9e5e", "isDeleted:":"true", "version":"1728369385323"}}
{"logTime": "1109/150816", "correlationVector":"gA+6SdSuQRz8EDf0uyre1v.219","action":"GetUpdates", "result":"DeleteReceived", "context":{"id":"10fbd8e7-634e-4a0a-bb0b-fc4e3b42ba00", "isDeleted:":"true", "version":"1728369982180"}}
{"logTime": "1109/150816", "correlationVector":"gA+6SdSuQRz8EDf0uyre1v.220","action":"GetUpdates", "result":"DeleteReceived", "context":{"id":"e1184512-cb35-4ece-a38c-1d588f324d0d", "isDeleted:":"true", "version":"1728370034850"}}
{"logTime": "1109/150816", "correlationVector":"gA+6SdSuQRz8EDf0uyre1v.221","action":"GetUpdates", "result":"DeleteReceived", "context":{"id":"b25cd4a7-45ba-4988-a987-9687d9b83746", "isDeleted:":"true", "version":"1728370399850"}}
{"logTime": "1109/150816", "correlationVector":"gA+6SdSuQRz8EDf0uyre1v.222","action":"GetUpdates", "result":"DeleteReceived", "context":{"id":"8df09e1d-e9c3-4a36-895c-c9a5f43792c3", "isDeleted:":"true", "version":"1728370399851"}}
{"logTime": "1109/150816", "correlationVector":"gA+6SdSuQRz8EDf0uyre1v.223","action":"GetUpdates", "result":"DeleteReceived", "context":{"id":"0ec139ea-1aa5-4c7e-b5cc-1f4f1e8d95ae", "isDeleted:":"true", "version":"1728370399852"}}
{"logTime": "1109/150816", "correlationVector":"gA+6SdSuQRz8EDf0uyre1v.224","action":"GetUpdates", "result":"DeleteReceived", "context":{"id":"be958acb-b8e4-48d5-a01a-e0abd09b9a39", "isDeleted:":"true", "version":"1728370399853"}}
{"logTime": "1109/150816", "correlationVector":"gA+6SdSuQRz8EDf0uyre1v.225","action":"GetUpdates", "result":"DeleteReceived", "context":{"id":"4065d6fa-ce38-4edb-af26-8ea4c11ed7ce", "isDeleted:":"true", "version":"1728370399854"}}
{"logTime": "1109/150816", "correlationVector":"gA+6SdSuQRz8EDf0uyre1v.226","action":"GetUpdates", "result":"DeleteReceived", "context":{"id":"e3dedb9c-1907-46c8-b15d-51287a48287e", "isDeleted:":"true", "version":"1728370462295"}}
{"logTime": "1109/150816", "correlationVector":"gA+6SdSuQRz8EDf0uyre1v.227","action":"GetUpdates", "result":"DeleteReceived", "context":{"id":"47e686f0-184e-45df-a547-e12a09f710d2", "isDeleted:":"true", "version":"1728371048596"}}
{"logTime": "1109/150816", "correlationVector":"gA+6SdSuQRz8EDf0uyre1v.228","action":"GetUpdates", "result":"DeleteReceived", "context":{"id":"8740fe01-918a-4c2a-8005-739021a7ecba", "isDeleted:":"true", "version":"1728371242816"}}
{"logTime": "1109/150816", "correlationVector":"gA+6SdSuQRz8EDf0uyre1v.229","action":"GetUpdates", "result":"DeleteReceived", "context":{"id":"6aa9b469-ab90-4101-9c2a-43f5837f9250", "isDeleted:":"true", "version":"1728371695924"}}
{"logTime": "1109/150816", "correlationVector":"gA+6SdSuQRz8EDf0uyre1v.230","action":"GetUpdates", "result":"DeleteReceived", "context":{"id":"c98ccb0c-db26-4648-b358-7da09f6bd75e", "isDeleted:":"true", "version":"1728371808289"}}
{"logTime": "1109/150816", "correlationVector":"gA+6SdSuQRz8EDf0uyre1v.231","action":"GetUpdates", "result":"DeleteReceived", "context":{"id":"a35f843b-2f8e-4e76-b566-793f129216d6", "isDeleted:":"true", "version":"1728375223478"}}
{"logTime": "1109/150816", "correlationVector":"gA+6SdSuQRz8EDf0uyre1v.232","action":"GetUpdates", "result":"DeleteReceived", "context":{"id":"c10cb72e-6235-4406-ac90-ed351e089118", "isDeleted:":"true", "version":"1728376293654"}}
{"logTime": "1109/150816", "correlationVector":"gA+6SdSuQRz8EDf0uyre1v.233","action":"GetUpdates", "result":"DeleteReceived", "context":{"id":"dc75111c-0b70-42ed-9a22-d1e207a7528b", "isDeleted:":"true", "version":"1728376832623"}}
{"logTime": "1109/150816", "correlationVector":"gA+6SdSuQRz8EDf0uyre1v.234","action":"GetUpdates", "result":"DeleteReceived", "context":{"id":"4eceb29a-164c-4a33-afa6-42eb9172c9f3", "isDeleted:":"true", "version":"1728378235015"}}
{"logTime": "1109/150816", "correlationVector":"gA+6SdSuQRz8EDf0uyre1v.235","action":"GetUpdates", "result":"DeleteReceived", "context":{"id":"eb1b1009-b1ba-45cf-ad7b-0f7fc9113746", "isDeleted:":"true", "version":"1728378540506"}}
{"logTime": "1109/150816", "correlationVector":"gA+6SdSuQRz8EDf0uyre1v.236","action":"GetUpdates", "result":"DeleteReceived", "context":{"id":"bf62ed05-caa7-4703-969c-e74522961801", "isDeleted:":"true", "version":"1728383636004"}}
{"logTime": "1109/150816", "correlationVector":"gA+6SdSuQRz8EDf0uyre1v.237","action":"GetUpdates", "result":"DeleteReceived", "context":{"id":"02c16d88-f2e8-4fe4-b69e-f81ef450ffb7", "isDeleted:":"true", "version":"1728383745101"}}
{"logTime": "1109/150816", "correlationVector":"gA+6SdSuQRz8EDf0uyre1v.238","action":"GetUpdates", "result":"DeleteReceived", "context":{"id":"3b20ee93-a179-4de4-a5ca-53d34b91a2c3", "isDeleted:":"true", "version":"1728384431190"}}
{"logTime": "1109/150816", "correlationVector":"gA+6SdSuQRz8EDf0uyre1v.239","action":"GetUpdates", "result":"DeleteReceived", "context":{"id":"52e0259d-cab3-4d48-945a-efe9b5566632", "isDeleted:":"true", "version":"1728385636917"}}
{"logTime": "1109/150816", "correlationVector":"gA+6SdSuQRz8EDf0uyre1v.240","action":"GetUpdates", "result":"DeleteReceived", "context":{"id":"2b2f36af-7863-4a11-8158-00ed18954ed0", "isDeleted:":"true", "version":"1728385636918"}}
{"logTime": "1109/150816", "correlationVector":"gA+6SdSuQRz8EDf0uyre1v.241","action":"GetUpdates", "result":"DeleteReceived", "context":{"id":"9f34378c-9a3a-4c33-876d-e101acc2be38", "isDeleted:":"true", "version":"1728385744810"}}
{"logTime": "1109/150816", "correlationVector":"gA+6SdSuQRz8EDf0uyre1v.242","action":"GetUpdates", "result":"DeleteReceived", "context":{"id":"180edb46-5316-45d0-990c-10b81b786bb0", "isDeleted:":"true", "version":"1728388149102"}}
{"logTime": "1109/150816", "correlationVector":"gA+6SdSuQRz8EDf0uyre1v.243","action":"GetUpdates", "result":"DeleteReceived", "context":{"id":"fc6fd138-b993-4e51-b5f5-cb3ee919628e", "isDeleted:":"true", "version":"1728388432754"}}
{"logTime": "1109/150816", "correlationVector":"gA+6SdSuQRz8EDf0uyre1v.244","action":"GetUpdates Response", "result":"Success", "context":Received 250 update(s). cV=gA+6SdSuQRz8EDf0uyre1v.0;server=GENERAL0100000E;cloudType=Consumer;environment=Prod_SoutheastAsia_000j;migrationStage=NotStarted Some updates remain.}
{"logTime": "1109/150816", "correlationVector":"rmE9K0FAo7nLM8dL8LrbIC","action":"Initial GetUpdates", "result":"", "context":Reason: NEWLY_SUPPORTED_DATATYPE. cV=rmE9K0FAo7nLM8dL8LrbIC}
{"logTime": "1109/150817", "correlationVector":"rmE9K0FAo7nLM8dL8LrbIC.1","action":"SyncServerConnectionManagerRequest", "result":"SYNC_SERVER_OK", "context":{"environment":"Prod_SoutheastAsia_000j", "migrationStage":"NotStarted", "server":"GENERAL01000012"}}
{"logTime": "1109/150817", "correlationVector":"rmE9K0FAo7nLM8dL8LrbIC.2","action":"GetUpdates", "result":"DeleteReceived", "context":{"id":"0f711cbe-47e9-4731-8c91-27204042049a", "isDeleted:":"true", "version":"1728388688833"}}
{"logTime": "1109/150817", "correlationVector":"rmE9K0FAo7nLM8dL8LrbIC.3","action":"GetUpdates", "result":"DeleteReceived", "context":{"id":"30424bf6-bbd4-4dfb-bcc5-9e8ccc512087", "isDeleted:":"true", "version":"1728388904279"}}
{"logTime": "1109/150817", "correlationVector":"rmE9K0FAo7nLM8dL8LrbIC.4","action":"GetUpdates", "result":"DeleteReceived", "context":{"id":"26d3f01b-b517-4c47-bf25-fb6147681870", "isDeleted:":"true", "version":"1728389138601"}}
{"logTime": "1109/150817", "correlationVector":"rmE9K0FAo7nLM8dL8LrbIC.5","action":"GetUpdates", "result":"DeleteReceived", "context":{"id":"42dd9f0a-b524-4991-9a6b-92ae1c3743de", "isDeleted:":"true", "version":"1728389211931"}}
{"logTime": "1109/150817", "correlationVector":"rmE9K0FAo7nLM8dL8LrbIC.6","action":"GetUpdates", "result":"DeleteReceived", "context":{"id":"f92d4cda-f7b2-44cc-908d-9da397ac1f47", "isDeleted:":"true", "version":"1728389599320"}}
{"logTime": "1109/150817", "correlationVector":"rmE9K0FAo7nLM8dL8LrbIC.7","action":"GetUpdates", "result":"DeleteReceived", "context":{"id":"3f5cdea4-99a4-4eb9-b5f4-adec72515aa4", "isDeleted:":"true", "version":"1728397897632"}}
{"logTime": "1109/150817", "correlationVector":"rmE9K0FAo7nLM8dL8LrbIC.8","action":"GetUpdates", "result":"DeleteReceived", "context":{"id":"462f6978-2d81-4a88-ae7f-5f09e26492a4", "isDeleted:":"true", "version":"1728398059415"}}
{"logTime": "1109/150817", "correlationVector":"rmE9K0FAo7nLM8dL8LrbIC.9","action":"GetUpdates", "result":"DeleteReceived", "context":{"id":"cddde5fc-e72d-4822-a3ee-3dac0cb66a17", "isDeleted:":"true", "version":"1728398144536"}}
{"logTime": "1109/150817", "correlationVector":"rmE9K0FAo7nLM8dL8LrbIC.10","action":"GetUpdates", "result":"DeleteReceived", "context":{"id":"20c6d861-dab2-4e8b-9001-2c90421c3c88", "isDeleted:":"true", "version":"1728398220648"}}
{"logTime": "1109/150817", "correlationVector":"rmE9K0FAo7nLM8dL8LrbIC.11","action":"GetUpdates", "result":"DeleteReceived", "context":{"id":"a8af031d-7f65-40c1-a41b-e31512933577", "isDeleted:":"true", "version":"1728398409946"}}
{"logTime": "1109/150817", "correlationVector":"rmE9K0FAo7nLM8dL8LrbIC.12","action":"GetUpdates", "result":"DeleteReceived", "context":{"id":"ddd2859c-358d-4713-9960-67549c90d344", "isDeleted:":"true", "version":"1728398712521"}}
{"logTime": "1109/150817", "correlationVector":"rmE9K0FAo7nLM8dL8LrbIC.13","action":"GetUpdates", "result":"DeleteReceived", "context":{"id":"ffa6a797-66f4-4022-9bb2-cbaf28022454", "isDeleted:":"true", "version":"1728399045933"}}
{"logTime": "1109/150817", "correlationVector":"rmE9K0FAo7nLM8dL8LrbIC.14","action":"GetUpdates", "result":"DeleteReceived", "context":{"id":"f695c050-b1cf-4fe8-8706-44baf6235be3", "isDeleted:":"true", "version":"1728399361330"}}
{"logTime": "1109/150817", "correlationVector":"rmE9K0FAo7nLM8dL8LrbIC.15","action":"GetUpdates", "result":"DeleteReceived", "context":{"id":"83d2698d-8550-43b0-a7ff-1fa4c4cea741", "isDeleted:":"true", "version":"1728399561557"}}
{"logTime": "1109/150817", "correlationVector":"rmE9K0FAo7nLM8dL8LrbIC.16","action":"GetUpdates", "result":"DeleteReceived", "context":{"id":"da40479a-3061-49f8-b054-4b5f2306bd12", "isDeleted:":"true", "version":"1728399712848"}}
{"logTime": "1109/150817", "correlationVector":"rmE9K0FAo7nLM8dL8LrbIC.17","action":"GetUpdates", "result":"DeleteReceived", "context":{"id":"ea75052f-477e-4382-8422-2f696b47f4c3", "isDeleted:":"true", "version":"1728451077070"}}
{"logTime": "1109/150817", "correlationVector":"rmE9K0FAo7nLM8dL8LrbIC.18","action":"GetUpdates", "result":"DeleteReceived", "context":{"id":"259b0373-e63f-4d68-b925-a9da80f04d0e", "isDeleted:":"true", "version":"1728452876758"}}
{"logTime": "1109/150817", "correlationVector":"rmE9K0FAo7nLM8dL8LrbIC.19","action":"GetUpdates", "result":"DeleteReceived", "context":{"id":"fb401470-eebf-4dcb-a4bd-64061090bfc8", "isDeleted:":"true", "version":"1728457011970"}}
{"logTime": "1109/150817", "correlationVector":"rmE9K0FAo7nLM8dL8LrbIC.20","action":"GetUpdates", "result":"DeleteReceived", "context":{"id":"4f7cad61-cc78-4de5-b938-c61be966604e", "isDeleted:":"true", "version":"1728457011971"}}
{"logTime": "1109/150817", "correlationVector":"rmE9K0FAo7nLM8dL8LrbIC.21","action":"GetUpdates", "result":"DeleteReceived", "context":{"id":"4de2f3bb-1645-4a20-94b5-3bb90c19f6d3", "isDeleted:":"true", "version":"1728458509643"}}
{"logTime": "1109/150817", "correlationVector":"rmE9K0FAo7nLM8dL8LrbIC.22","action":"GetUpdates", "result":"DeleteReceived", "context":{"id":"fb963678-b483-4a7b-8da5-0447e982ff67", "isDeleted:":"true", "version":"1728458674484"}}
{"logTime": "1109/150817", "correlationVector":"rmE9K0FAo7nLM8dL8LrbIC.23","action":"GetUpdates", "result":"DeleteReceived", "context":{"id":"a60f620c-7f18-4fc1-ac37-a8713ded2278", "isDeleted:":"true", "version":"1728459373038"}}
{"logTime": "1109/150817", "correlationVector":"rmE9K0FAo7nLM8dL8LrbIC.24","action":"GetUpdates", "result":"DeleteReceived", "context":{"id":"5133a421-c629-4a76-9331-7eb69d19d464", "isDeleted:":"true", "version":"1728459558534"}}
{"logTime": "1109/150817", "correlationVector":"rmE9K0FAo7nLM8dL8LrbIC.25","action":"GetUpdates", "result":"DeleteReceived", "context":{"id":"138625ec-769b-42e8-8c17-da3980c18e30", "isDeleted:":"true", "version":"1728459623414"}}
{"logTime": "1109/150817", "correlationVector":"rmE9K0FAo7nLM8dL8LrbIC.26","action":"GetUpdates", "result":"DeleteReceived", "context":{"id":"19866ee3-4224-432c-ba8b-352df35e8ef6", "isDeleted:":"true", "version":"1728459658340"}}
{"logTime": "1109/150817", "correlationVector":"rmE9K0FAo7nLM8dL8LrbIC.27","action":"GetUpdates", "result":"DeleteReceived", "context":{"id":"9284f6f8-2924-4e94-ae48-7c454fc8fcf9", "isDeleted:":"true", "version":"1728459743499"}}
{"logTime": "1109/150817", "correlationVector":"rmE9K0FAo7nLM8dL8LrbIC.28","action":"GetUpdates", "result":"DeleteReceived", "context":{"id":"5f1d32e3-0d1d-4255-b2ed-92ae4ea543a0", "isDeleted:":"true", "version":"1728466748555"}}
{"logTime": "1109/150817", "correlationVector":"rmE9K0FAo7nLM8dL8LrbIC.29","action":"GetUpdates", "result":"DeleteReceived", "context":{"id":"8774a1b4-9e27-4539-a1d8-3b2e7f4e9a1c", "isDeleted:":"true", "version":"1728467326569"}}
{"logTime": "1109/150817", "correlationVector":"rmE9K0FAo7nLM8dL8LrbIC.30","action":"GetUpdates", "result":"DeleteReceived", "context":{"id":"8c3c5f94-a6f0-4400-bb3c-d77788f17777", "isDeleted:":"true", "version":"1728468188036"}}
{"logTime": "1109/150817", "correlationVector":"rmE9K0FAo7nLM8dL8LrbIC.31","action":"GetUpdates", "result":"DeleteReceived", "context":{"id":"09d07e2e-dd7e-49f9-82c4-cbad3cc46d7f", "isDeleted:":"true", "version":"1728469840758"}}
{"logTime": "1109/150817", "correlationVector":"rmE9K0FAo7nLM8dL8LrbIC.32","action":"GetUpdates", "result":"DeleteReceived", "context":{"id":"b05c0177-36cd-4640-817d-b611824c9316", "isDeleted:":"true", "version":"1728471643442"}}
{"logTime": "1109/150817", "correlationVector":"rmE9K0FAo7nLM8dL8LrbIC.33","action":"GetUpdates", "result":"DeleteReceived", "context":{"id":"96684764-6ad6-4655-91cb-c9088fb5f6d7", "isDeleted:":"true", "version":"1728474306182"}}
{"logTime": "1109/150817", "correlationVector":"rmE9K0FAo7nLM8dL8LrbIC.34","action":"GetUpdates", "result":"DeleteReceived", "context":{"id":"1288b476-7e9d-4dfd-bc7e-154efd97aa46", "isDeleted:":"true", "version":"1728474306183"}}
{"logTime": "1109/150817", "correlationVector":"rmE9K0FAo7nLM8dL8LrbIC.35","action":"GetUpdates", "result":"DeleteReceived", "context":{"id":"024f54d9-2b4e-45b5-9384-b5e63000aef2", "isDeleted:":"true", "version":"1728474306184"}}
{"logTime": "1109/150817", "correlationVector":"rmE9K0FAo7nLM8dL8LrbIC.36","action":"GetUpdates", "result":"DeleteReceived", "context":{"id":"b88d854e-be28-4575-ab4b-bf17371ef358", "isDeleted:":"true", "version":"1728474306185"}}
{"logTime": "1109/150817", "correlationVector":"rmE9K0FAo7nLM8dL8LrbIC.37","action":"GetUpdates", "result":"DeleteReceived", "context":{"id":"ee584ed0-e216-432b-a59a-243be5440c62", "isDeleted:":"true", "version":"1728474306186"}}
{"logTime": "1109/150817", "correlationVector":"rmE9K0FAo7nLM8dL8LrbIC.38","action":"GetUpdates", "result":"DeleteReceived", "context":{"id":"63dd36a4-423c-4c6d-a5ac-62abf39da0e4", "isDeleted:":"true", "version":"1728474306187"}}
{"logTime": "1109/150817", "correlationVector":"rmE9K0FAo7nLM8dL8LrbIC.39","action":"GetUpdates", "result":"DeleteReceived", "context":{"id":"f7adc2e6-0048-4ba7-ab6a-527efc73b0ca", "isDeleted:":"true", "version":"1728474306188"}}
{"logTime": "1109/150817", "correlationVector":"rmE9K0FAo7nLM8dL8LrbIC.40","action":"GetUpdates", "result":"DeleteReceived", "context":{"id":"3953f078-0393-4b08-b636-9ff54c601c5d", "isDeleted:":"true", "version":"1728474306189"}}
{"logTime": "1109/150817", "correlationVector":"rmE9K0FAo7nLM8dL8LrbIC.41","action":"GetUpdates", "result":"DeleteReceived", "context":{"id":"9d2f531d-66f5-45af-af2f-a237d0dfd91b", "isDeleted:":"true", "version":"1728474306190"}}
{"logTime": "1109/150817", "correlationVector":"rmE9K0FAo7nLM8dL8LrbIC.42","action":"GetUpdates", "result":"DeleteReceived", "context":{"id":"be2f2a65-008b-4083-ab80-2f7bc28ec908", "isDeleted:":"true", "version":"1728474306191"}}
{"logTime": "1109/150817", "correlationVector":"rmE9K0FAo7nLM8dL8LrbIC.43","action":"GetUpdates", "result":"DeleteReceived", "context":{"id":"89937bfc-3d88-47de-8cfb-2b0227fb0dd1", "isDeleted:":"true", "version":"1728474306192"}}
{"logTime": "1109/150817", "correlationVector":"rmE9K0FAo7nLM8dL8LrbIC.44","action":"GetUpdates", "result":"DeleteReceived", "context":{"id":"fe6e8b59-bdeb-4008-aff2-3277fa2ad94e", "isDeleted:":"true", "version":"1728474306195"}}
{"logTime": "1109/150817", "correlationVector":"rmE9K0FAo7nLM8dL8LrbIC.45","action":"GetUpdates", "result":"DeleteReceived", "context":{"id":"d371b49c-6222-4f09-8e8e-7d7cb6b013e1", "isDeleted:":"true", "version":"1728475078332"}}
{"logTime": "1109/150817", "correlationVector":"rmE9K0FAo7nLM8dL8LrbIC.46","action":"GetUpdates", "result":"DeleteReceived", "context":{"id":"6daa2683-a37b-42a8-ab64-42ddecb7985f", "isDeleted:":"true", "version":"1728475115610"}}
{"logTime": "1109/150817", "correlationVector":"rmE9K0FAo7nLM8dL8LrbIC.47","action":"GetUpdates", "result":"DeleteReceived", "context":{"id":"a30a1957-d990-4b61-9537-fcf60c0e6583", "isDeleted:":"true", "version":"1728475350892"}}
{"logTime": "1109/150817", "correlationVector":"rmE9K0FAo7nLM8dL8LrbIC.48","action":"GetUpdates", "result":"DeleteReceived", "context":{"id":"fac8e554-ebc4-4f62-96ff-b8cfb1df2241", "isDeleted:":"true", "version":"1728475977298"}}
{"logTime": "1109/150817", "correlationVector":"rmE9K0FAo7nLM8dL8LrbIC.49","action":"GetUpdates", "result":"DeleteReceived", "context":{"id":"847fe822-dc8f-4320-bb6f-64b89376632c", "isDeleted:":"true", "version":"1728476709097"}}
{"logTime": "1109/150817", "correlationVector":"rmE9K0FAo7nLM8dL8LrbIC.50","action":"GetUpdates", "result":"DeleteReceived", "context":{"id":"1485ee0f-cf15-409c-8834-53b56fe3eecc", "isDeleted:":"true", "version":"1728477074801"}}
{"logTime": "1109/150817", "correlationVector":"rmE9K0FAo7nLM8dL8LrbIC.51","action":"GetUpdates", "result":"DeleteReceived", "context":{"id":"9c64753b-b3bd-4182-a908-3566bbda32ac", "isDeleted:":"true", "version":"1728478146782"}}
{"logTime": "1109/150817", "correlationVector":"rmE9K0FAo7nLM8dL8LrbIC.52","action":"GetUpdates", "result":"DeleteReceived", "context":{"id":"b7ddd3eb-c023-4c4d-b4f5-dcf822fe7940", "isDeleted:":"true", "version":"1728479487744"}}
{"logTime": "1109/150817", "correlationVector":"rmE9K0FAo7nLM8dL8LrbIC.53","action":"GetUpdates", "result":"DeleteReceived", "context":{"id":"f283ef26-1a8c-42f6-a3ee-7c800dae3572", "isDeleted:":"true", "version":"1728482568697"}}
{"logTime": "1109/150817", "correlationVector":"rmE9K0FAo7nLM8dL8LrbIC.54","action":"GetUpdates", "result":"DeleteReceived", "context":{"id":"822cfdb6-65bf-4ec8-b1f3-b77dffcba80c", "isDeleted:":"true", "version":"1728482747208"}}
{"logTime": "1109/150817", "correlationVector":"rmE9K0FAo7nLM8dL8LrbIC.55","action":"GetUpdates", "result":"DeleteReceived", "context":{"id":"94c0d926-f8b4-44e5-9978-830b6d6c55c0", "isDeleted:":"true", "version":"1728483053486"}}
{"logTime": "1109/150817", "correlationVector":"rmE9K0FAo7nLM8dL8LrbIC.56","action":"GetUpdates", "result":"DeleteReceived", "context":{"id":"70dc0385-8b49-4d18-bb9d-ffe647da1582", "isDeleted:":"true", "version":"1728540821256"}}
{"logTime": "1109/150817", "correlationVector":"rmE9K0FAo7nLM8dL8LrbIC.57","action":"GetUpdates", "result":"DeleteReceived", "context":{"id":"e9d98cd2-6d81-40bc-857c-d1aa5c4cdfee", "isDeleted:":"true", "version":"1728543410946"}}
{"logTime": "1109/150817", "correlationVector":"rmE9K0FAo7nLM8dL8LrbIC.58","action":"GetUpdates", "result":"DeleteReceived", "context":{"id":"a2330e88-f05e-4086-8e62-b1f492d2eac7", "isDeleted:":"true", "version":"1728545120737"}}
{"logTime": "1109/150817", "correlationVector":"rmE9K0FAo7nLM8dL8LrbIC.59","action":"GetUpdates", "result":"DeleteReceived", "context":{"id":"df8ef643-a560-4e2f-a2f7-fe693f2c4c0f", "isDeleted:":"true", "version":"1728545299548"}}
{"logTime": "1109/150817", "correlationVector":"rmE9K0FAo7nLM8dL8LrbIC.60","action":"GetUpdates", "result":"DeleteReceived", "context":{"id":"c9aa857b-5c6c-48c4-970a-690a3f4f91c4", "isDeleted:":"true", "version":"1728546237687"}}
{"logTime": "1109/150817", "correlationVector":"rmE9K0FAo7nLM8dL8LrbIC.61","action":"GetUpdates", "result":"DeleteReceived", "context":{"id":"63206bdb-a1f8-4ee3-a408-a371de558d12", "isDeleted:":"true", "version":"1728550369724"}}
{"logTime": "1109/150817", "correlationVector":"rmE9K0FAo7nLM8dL8LrbIC.62","action":"GetUpdates", "result":"DeleteReceived", "context":{"id":"ff5ffc94-229b-42e7-a9d7-7357a1676a77", "isDeleted:":"true", "version":"1728554922307"}}
{"logTime": "1109/150817", "correlationVector":"rmE9K0FAo7nLM8dL8LrbIC.63","action":"GetUpdates", "result":"DeleteReceived", "context":{"id":"e7c13e68-dd3a-4a03-afd4-4dd2433a9d08", "isDeleted:":"true", "version":"1728558822417"}}
{"logTime": "1109/150817", "correlationVector":"rmE9K0FAo7nLM8dL8LrbIC.64","action":"GetUpdates", "result":"DeleteReceived", "context":{"id":"682967c8-6578-4391-8425-958e9fbd53b8", "isDeleted:":"true", "version":"1728559926214"}}
{"logTime": "1109/150817", "correlationVector":"rmE9K0FAo7nLM8dL8LrbIC.65","action":"GetUpdates", "result":"DeleteReceived", "context":{"id":"c5842882-c59d-4cad-ac59-3549e0c34b53", "isDeleted:":"true", "version":"1728559926215"}}
{"logTime": "1109/150817", "correlationVector":"rmE9K0FAo7nLM8dL8LrbIC.66","action":"GetUpdates", "result":"DeleteReceived", "context":{"id":"1c5452fc-85f6-4850-b0a2-1b354bd2f2a9", "isDeleted:":"true", "version":"1728559926216"}}
{"logTime": "1109/150817", "correlationVector":"rmE9K0FAo7nLM8dL8LrbIC.67","action":"GetUpdates", "result":"DeleteReceived", "context":{"id":"a8c9eeda-569d-4a3f-8cbb-ba5b74c3cf91", "isDeleted:":"true", "version":"1728559926217"}}
{"logTime": "1109/150817", "correlationVector":"rmE9K0FAo7nLM8dL8LrbIC.68","action":"GetUpdates", "result":"DeleteReceived", "context":{"id":"244799f2-29fa-408a-89e0-aed7724612c0", "isDeleted:":"true", "version":"1728559926218"}}
{"logTime": "1109/150817", "correlationVector":"rmE9K0FAo7nLM8dL8LrbIC.69","action":"GetUpdates", "result":"DeleteReceived", "context":{"id":"6a538128-bbd8-42db-9e9b-b8bee248e92b", "isDeleted:":"true", "version":"1728563062379"}}
{"logTime": "1109/150817", "correlationVector":"rmE9K0FAo7nLM8dL8LrbIC.70","action":"GetUpdates", "result":"DeleteReceived", "context":{"id":"915a5d92-357e-45ea-9488-c965242177a3", "isDeleted:":"true", "version":"1728566851566"}}
{"logTime": "1109/150817", "correlationVector":"rmE9K0FAo7nLM8dL8LrbIC.71","action":"GetUpdates", "result":"DeleteReceived", "context":{"id":"622c1277-ca34-4783-a234-87d0a7440f28", "isDeleted:":"true", "version":"1728570283873"}}
{"logTime": "1109/150817", "correlationVector":"rmE9K0FAo7nLM8dL8LrbIC.72","action":"GetUpdates", "result":"DeleteReceived", "context":{"id":"5a96543c-49f3-4334-8a6f-0e24b762805c", "isDeleted:":"true", "version":"1728574466435"}}
{"logTime": "1109/150817", "correlationVector":"rmE9K0FAo7nLM8dL8LrbIC.73","action":"GetUpdates", "result":"DeleteReceived", "context":{"id":"57297ca7-b09f-402d-b5e8-1e69f6804e04", "isDeleted:":"true", "version":"1728631856573"}}
{"logTime": "1109/150817", "correlationVector":"rmE9K0FAo7nLM8dL8LrbIC.74","action":"GetUpdates", "result":"DeleteReceived", "context":{"id":"69aaf0b2-2067-425a-99d8-e8be49576580", "isDeleted:":"true", "version":"1728907142622"}}
{"logTime": "1109/150817", "correlationVector":"rmE9K0FAo7nLM8dL8LrbIC.75","action":"GetUpdates", "result":"DeleteReceived", "context":{"id":"43ed37b3-8137-4259-b3bf-44adb02e97c8", "isDeleted:":"true", "version":"1728907142623"}}
{"logTime": "1109/150817", "correlationVector":"rmE9K0FAo7nLM8dL8LrbIC.76","action":"GetUpdates", "result":"DeleteReceived", "context":{"id":"f0048609-61ed-4db6-8c0b-7c7323a219e9", "isDeleted:":"true", "version":"1728915106044"}}
{"logTime": "1109/150817", "correlationVector":"rmE9K0FAo7nLM8dL8LrbIC.77","action":"GetUpdates", "result":"DeleteReceived", "context":{"id":"1eb0c081-8688-4aa7-af3b-25cc7e408c51", "isDeleted:":"true", "version":"1728915106045"}}
{"logTime": "1109/150817", "correlationVector":"rmE9K0FAo7nLM8dL8LrbIC.78","action":"GetUpdates", "result":"DeleteReceived", "context":{"id":"5b7164fd-6d05-4bce-8eb2-97756bde1b35", "isDeleted:":"true", "version":"1728919956221"}}
{"logTime": "1109/150817", "correlationVector":"rmE9K0FAo7nLM8dL8LrbIC.79","action":"GetUpdates", "result":"DeleteReceived", "context":{"id":"0d45794f-c5c5-4d05-b375-b17e95f6f885", "isDeleted:":"true", "version":"1728968582082"}}
{"logTime": "1109/150817", "correlationVector":"rmE9K0FAo7nLM8dL8LrbIC.80","action":"GetUpdates", "result":"DeleteReceived", "context":{"id":"243bbb3d-380d-419b-a0da-476f35c49d26", "isDeleted:":"true", "version":"1728969285506"}}
{"logTime": "1109/150817", "correlationVector":"rmE9K0FAo7nLM8dL8LrbIC.81","action":"GetUpdates", "result":"DeleteReceived", "context":{"id":"9623957e-f49c-4887-b65e-d6da92f8929a", "isDeleted:":"true", "version":"1728974895062"}}
{"logTime": "1109/150817", "correlationVector":"rmE9K0FAo7nLM8dL8LrbIC.82","action":"GetUpdates", "result":"DeleteReceived", "context":{"id":"fcb5fb3c-fa26-4afa-a660-dcf456ee8308", "isDeleted:":"true", "version":"1728976632877"}}
{"logTime": "1109/150817", "correlationVector":"rmE9K0FAo7nLM8dL8LrbIC.83","action":"GetUpdates", "result":"DeleteReceived", "context":{"id":"33bf75a6-439e-434e-94d6-989ac11ff702", "isDeleted:":"true", "version":"1728979711920"}}
{"logTime": "1109/150817", "correlationVector":"rmE9K0FAo7nLM8dL8LrbIC.84","action":"GetUpdates", "result":"DeleteReceived", "context":{"id":"fd37332f-2f2e-4740-bcf1-93f3ff7cd6f3", "isDeleted:":"true", "version":"1728984376155"}}
{"logTime": "1109/150817", "correlationVector":"rmE9K0FAo7nLM8dL8LrbIC.85","action":"GetUpdates", "result":"DeleteReceived", "context":{"id":"496fc7d3-e762-4b6b-9356-75ae6aaa343b", "isDeleted:":"true", "version":"1728984376156"}}
{"logTime": "1109/150817", "correlationVector":"rmE9K0FAo7nLM8dL8LrbIC.86","action":"GetUpdates", "result":"DeleteReceived", "context":{"id":"069f6ce6-9bee-41a0-aca5-ce43002fe028", "isDeleted:":"true", "version":"1728985073391"}}
{"logTime": "1109/150817", "correlationVector":"rmE9K0FAo7nLM8dL8LrbIC.87","action":"GetUpdates", "result":"DeleteReceived", "context":{"id":"ea4f6ff8-6ee3-46f5-b72a-0a4aa35fc218", "isDeleted:":"true", "version":"1728993975075"}}
{"logTime": "1109/150817", "correlationVector":"rmE9K0FAo7nLM8dL8LrbIC.88","action":"GetUpdates", "result":"DeleteReceived", "context":{"id":"8a604bdc-8c91-480f-8f1e-35dbc4c6cbf5", "isDeleted:":"true", "version":"1728993975078"}}
{"logTime": "1109/150817", "correlationVector":"rmE9K0FAo7nLM8dL8LrbIC.89","action":"GetUpdates", "result":"DeleteReceived", "context":{"id":"28301f56-a3c5-40bd-aadd-cfe19d1f9711", "isDeleted:":"true", "version":"1728993975080"}}
{"logTime": "1109/150817", "correlationVector":"rmE9K0FAo7nLM8dL8LrbIC.90","action":"GetUpdates", "result":"DeleteReceived", "context":{"id":"579cccb7-3ee1-4c4d-80c9-da34c6929c21", "isDeleted:":"true", "version":"1728994274664"}}
{"logTime": "1109/150817", "correlationVector":"rmE9K0FAo7nLM8dL8LrbIC.91","action":"GetUpdates", "result":"DeleteReceived", "context":{"id":"5c4d09ce-5254-44b0-aa73-253779899ef3", "isDeleted:":"true", "version":"1728999310467"}}
{"logTime": "1109/150817", "correlationVector":"rmE9K0FAo7nLM8dL8LrbIC.92","action":"GetUpdates", "result":"DeleteReceived", "context":{"id":"fb8f45a3-5123-40c9-9ab4-904b7376363f", "isDeleted:":"true", "version":"1729003371597"}}
{"logTime": "1109/150817", "correlationVector":"rmE9K0FAo7nLM8dL8LrbIC.93","action":"GetUpdates", "result":"DeleteReceived", "context":{"id":"824259c3-73bb-4a34-85a9-c330924e1bf7", "isDeleted:":"true", "version":"1729065124776"}}
{"logTime": "1109/150817", "correlationVector":"rmE9K0FAo7nLM8dL8LrbIC.94","action":"GetUpdates", "result":"DeleteReceived", "context":{"id":"8593d851-4536-4c33-b7c7-93d93d68fa0d", "isDeleted:":"true", "version":"1729085739220"}}
{"logTime": "1109/150817", "correlationVector":"rmE9K0FAo7nLM8dL8LrbIC.95","action":"GetUpdates", "result":"DeleteReceived", "context":{"id":"9d91cfa6-4924-4d73-a535-dcedb8089cb9", "isDeleted:":"true", "version":"1729140466330"}}
{"logTime": "1109/150817", "correlationVector":"rmE9K0FAo7nLM8dL8LrbIC.96","action":"GetUpdates", "result":"DeleteReceived", "context":{"id":"90fa7c9b-a89f-4f09-9fbc-a802411bdeb9", "isDeleted:":"true", "version":"1729145679901"}}
{"logTime": "1109/150817", "correlationVector":"rmE9K0FAo7nLM8dL8LrbIC.97","action":"GetUpdates", "result":"DeleteReceived", "context":{"id":"c19fefc2-2155-4c8d-bca6-a6bda409dbac", "isDeleted:":"true", "version":"1729145680601"}}
{"logTime": "1109/150817", "correlationVector":"rmE9K0FAo7nLM8dL8LrbIC.98","action":"GetUpdates", "result":"DeleteReceived", "context":{"id":"9d9cced9-27fe-4b71-9bfd-0b83fc5212c5", "isDeleted:":"true", "version":"1729147261677"}}
{"logTime": "1109/150817", "correlationVector":"rmE9K0FAo7nLM8dL8LrbIC.99","action":"GetUpdates", "result":"DeleteReceived", "context":{"id":"5dff9cff-7fc0-43ef-a474-385b54b989ed", "isDeleted:":"true", "version":"1729147261679"}}
{"logTime": "1109/150817", "correlationVector":"rmE9K0FAo7nLM8dL8LrbIC.100","action":"GetUpdates", "result":"DeleteReceived", "context":{"id":"f07ff975-5c66-42a4-8db6-9ef3aceb5e3e", "isDeleted:":"true", "version":"1729165429329"}}
{"logTime": "1109/150817", "correlationVector":"rmE9K0FAo7nLM8dL8LrbIC.101","action":"GetUpdates", "result":"DeleteReceived", "context":{"id":"4a3ff806-d5ff-4c46-ba8c-5304724ff561", "isDeleted:":"true", "version":"1729165429330"}}
{"logTime": "1109/150817", "correlationVector":"rmE9K0FAo7nLM8dL8LrbIC.102","action":"GetUpdates", "result":"DeleteReceived", "context":{"id":"ce47e388-699b-4f46-8188-6c51257c651b", "isDeleted:":"true", "version":"1729165429331"}}
{"logTime": "1109/150817", "correlationVector":"rmE9K0FAo7nLM8dL8LrbIC.103","action":"GetUpdates", "result":"DeleteReceived", "context":{"id":"0b914756-02df-43da-b02b-c88903eb60d1", "isDeleted:":"true", "version":"1729248381869"}}
{"logTime": "1109/150817", "correlationVector":"rmE9K0FAo7nLM8dL8LrbIC.104","action":"GetUpdates", "result":"DeleteReceived", "context":{"id":"f6b2faa8-9098-4da0-948c-da7b4284e1e1", "isDeleted:":"true", "version":"1729258301129"}}
{"logTime": "1109/150817", "correlationVector":"rmE9K0FAo7nLM8dL8LrbIC.105","action":"GetUpdates", "result":"DeleteReceived", "context":{"id":"4972d7d7-992d-4fb4-9d71-4302413824b0", "isDeleted:":"true", "version":"1729262002984"}}
{"logTime": "1109/150817", "correlationVector":"rmE9K0FAo7nLM8dL8LrbIC.106","action":"GetUpdates", "result":"DeleteReceived", "context":{"id":"2e8bb497-0302-4509-8118-13d0bde16d01", "isDeleted:":"true", "version":"1729262611729"}}
{"logTime": "1109/150817", "correlationVector":"rmE9K0FAo7nLM8dL8LrbIC.107","action":"GetUpdates", "result":"DeleteReceived", "context":{"id":"5727d5bc-7dc2-4478-8bbb-b64183febb49", "isDeleted:":"true", "version":"1729262611730"}}
{"logTime": "1109/150817", "correlationVector":"rmE9K0FAo7nLM8dL8LrbIC.108","action":"GetUpdates", "result":"DeleteReceived", "context":{"id":"d2e83cc6-57f2-46cd-81bf-3a1495c9b2cc", "isDeleted:":"true", "version":"1729262611731"}}
{"logTime": "1109/150817", "correlationVector":"rmE9K0FAo7nLM8dL8LrbIC.109","action":"GetUpdates", "result":"DeleteReceived", "context":{"id":"961860b5-bcae-4406-bc91-ca88dfcb0e1d", "isDeleted:":"true", "version":"1729266214040"}}
{"logTime": "1109/150817", "correlationVector":"rmE9K0FAo7nLM8dL8LrbIC.110","action":"GetUpdates", "result":"DeleteReceived", "context":{"id":"ff99fd5e-9458-4616-ab31-7767893c84f4", "isDeleted:":"true", "version":"1729315208310"}}
{"logTime": "1109/150817", "correlationVector":"rmE9K0FAo7nLM8dL8LrbIC.111","action":"GetUpdates", "result":"DeleteReceived", "context":{"id":"c6ffc57e-a1dc-4676-9d6e-7baa492d7d02", "isDeleted:":"true", "version":"1729316811472"}}
{"logTime": "1109/150817", "correlationVector":"rmE9K0FAo7nLM8dL8LrbIC.112","action":"GetUpdates", "result":"DeleteReceived", "context":{"id":"d0d89338-f69d-4b4d-b22c-7869d5462f28", "isDeleted:":"true", "version":"1729328937954"}}
{"logTime": "1109/150817", "correlationVector":"rmE9K0FAo7nLM8dL8LrbIC.113","action":"GetUpdates", "result":"DeleteReceived", "context":{"id":"0ae09224-7e65-4665-8dea-97f1971b1e47", "isDeleted:":"true", "version":"1729401529181"}}
{"logTime": "1109/150817", "correlationVector":"rmE9K0FAo7nLM8dL8LrbIC.114","action":"GetUpdates", "result":"DeleteReceived", "context":{"id":"41e4c68e-44ec-47af-b3cd-8a271c3542cc", "isDeleted:":"true", "version":"1729418205960"}}
{"logTime": "1109/150817", "correlationVector":"rmE9K0FAo7nLM8dL8LrbIC.115","action":"GetUpdates", "result":"DeleteReceived", "context":{"id":"82a33adc-a490-4dd7-874c-a4eef116cd53", "isDeleted:":"true", "version":"1729424257404"}}
{"logTime": "1109/150817", "correlationVector":"rmE9K0FAo7nLM8dL8LrbIC.116","action":"GetUpdates", "result":"DeleteReceived", "context":{"id":"351e8f63-a08d-49b5-82bb-3127abba6709", "isDeleted:":"true", "version":"1729424743913"}}
{"logTime": "1109/150817", "correlationVector":"rmE9K0FAo7nLM8dL8LrbIC.117","action":"GetUpdates", "result":"DeleteReceived", "context":{"id":"83025295-f1a3-4cbb-8725-cef2655431c6", "isDeleted:":"true", "version":"1729426156774"}}
{"logTime": "1109/150817", "correlationVector":"rmE9K0FAo7nLM8dL8LrbIC.118","action":"GetUpdates", "result":"DeleteReceived", "context":{"id":"234571df-e9e8-473a-bf0a-b5fd34fdcd0c", "isDeleted:":"true", "version":"1729427362968"}}
{"logTime": "1109/150817", "correlationVector":"rmE9K0FAo7nLM8dL8LrbIC.119","action":"GetUpdates", "result":"DeleteReceived", "context":{"id":"62ce6505-e405-4e15-80ea-2e1854796eb7", "isDeleted:":"true", "version":"1729428615951"}}
{"logTime": "1109/150817", "correlationVector":"rmE9K0FAo7nLM8dL8LrbIC.120","action":"GetUpdates", "result":"DeleteReceived", "context":{"id":"e488acc8-a743-4f95-bd63-018b4559d541", "isDeleted:":"true", "version":"1729436347596"}}
{"logTime": "1109/150817", "correlationVector":"rmE9K0FAo7nLM8dL8LrbIC.121","action":"GetUpdates", "result":"DeleteReceived", "context":{"id":"668c0948-2e9e-47d5-bb16-0f8d71741a80", "isDeleted:":"true", "version":"1729580518189"}}
{"logTime": "1109/150817", "correlationVector":"rmE9K0FAo7nLM8dL8LrbIC.122","action":"GetUpdates", "result":"DeleteReceived", "context":{"id":"d6d55bc1-d877-406e-b4d4-057d7a3978fd", "isDeleted:":"true", "version":"1729582936118"}}
{"logTime": "1109/150817", "correlationVector":"rmE9K0FAo7nLM8dL8LrbIC.123","action":"GetUpdates", "result":"DeleteReceived", "context":{"id":"dcf2c702-6d53-4700-8fe1-d84684653795", "isDeleted:":"true", "version":"1729582936120"}}
{"logTime": "1109/150817", "correlationVector":"rmE9K0FAo7nLM8dL8LrbIC.124","action":"GetUpdates", "result":"DeleteReceived", "context":{"id":"e44ca705-b27a-4206-84da-f5c47a805e17", "isDeleted:":"true", "version":"1729597052231"}}
{"logTime": "1109/150817", "correlationVector":"rmE9K0FAo7nLM8dL8LrbIC.125","action":"GetUpdates", "result":"DeleteReceived", "context":{"id":"0f936cfc-4686-4c42-a4a9-da399903d952", "isDeleted:":"true", "version":"1729600862042"}}
{"logTime": "1109/150817", "correlationVector":"rmE9K0FAo7nLM8dL8LrbIC.126","action":"GetUpdates", "result":"DeleteReceived", "context":{"id":"e2ae9703-c237-40d5-a045-2d35021fc54a", "isDeleted:":"true", "version":"1729602483524"}}
{"logTime": "1109/150817", "correlationVector":"rmE9K0FAo7nLM8dL8LrbIC.127","action":"GetUpdates", "result":"DeleteReceived", "context":{"id":"55679111-f07f-4e94-a222-de2d54079983", "isDeleted:":"true", "version":"1729605099385"}}
{"logTime": "1109/150817", "correlationVector":"rmE9K0FAo7nLM8dL8LrbIC.128","action":"GetUpdates", "result":"DeleteReceived", "context":{"id":"6fba752c-d233-4e5c-a5c8-089909ec4c4a", "isDeleted:":"true", "version":"1729606274398"}}
{"logTime": "1109/150817", "correlationVector":"rmE9K0FAo7nLM8dL8LrbIC.129","action":"GetUpdates", "result":"DeleteReceived", "context":{"id":"c978c9b2-b349-414d-8ccc-81936453b721", "isDeleted:":"true", "version":"1729606274399"}}
{"logTime": "1109/150817", "correlationVector":"rmE9K0FAo7nLM8dL8LrbIC.130","action":"GetUpdates", "result":"DeleteReceived", "context":{"id":"068a46e8-d99b-4bfc-8e3d-0708e449b26f", "isDeleted:":"true", "version":"1729610581334"}}
{"logTime": "1109/150817", "correlationVector":"rmE9K0FAo7nLM8dL8LrbIC.131","action":"GetUpdates", "result":"DeleteReceived", "context":{"id":"1656fdf7-c0d6-4d5f-9fca-b44c48d3d168", "isDeleted:":"true", "version":"1729659338966"}}
{"logTime": "1109/150817", "correlationVector":"rmE9K0FAo7nLM8dL8LrbIC.132","action":"GetUpdates", "result":"DeleteReceived", "context":{"id":"897604fb-7e51-4875-a7d2-3ac17204b7f3", "isDeleted:":"true", "version":"1729659338967"}}
{"logTime": "1109/150817", "correlationVector":"rmE9K0FAo7nLM8dL8LrbIC.133","action":"GetUpdates", "result":"DeleteReceived", "context":{"id":"634b94bb-0958-425c-9851-5786e9f53019", "isDeleted:":"true", "version":"1729666089659"}}
{"logTime": "1109/150817", "correlationVector":"rmE9K0FAo7nLM8dL8LrbIC.134","action":"GetUpdates", "result":"DeleteReceived", "context":{"id":"77a5c24d-b299-4217-82b5-f7f47f30eb20", "isDeleted:":"true", "version":"1729666323265"}}
{"logTime": "1109/150817", "correlationVector":"rmE9K0FAo7nLM8dL8LrbIC.135","action":"GetUpdates", "result":"DeleteReceived", "context":{"id":"a51a01b2-db1e-4fe3-a07b-3ac13042cd5f", "isDeleted:":"true", "version":"1729666323266"}}
{"logTime": "1109/150817", "correlationVector":"rmE9K0FAo7nLM8dL8LrbIC.136","action":"GetUpdates", "result":"DeleteReceived", "context":{"id":"df5fc012-79a2-43ef-b728-0f8aa2e2ca97", "isDeleted:":"true", "version":"1729666323267"}}
{"logTime": "1109/150817", "correlationVector":"rmE9K0FAo7nLM8dL8LrbIC.137","action":"GetUpdates", "result":"DeleteReceived", "context":{"id":"88dd6e34-3265-43aa-9e35-a025cd2a5548", "isDeleted:":"true", "version":"1729666323268"}}
{"logTime": "1109/150817", "correlationVector":"rmE9K0FAo7nLM8dL8LrbIC.138","action":"GetUpdates", "result":"DeleteReceived", "context":{"id":"82af360e-641b-4d0f-a245-e51cce010a60", "isDeleted:":"true", "version":"1729666323269"}}
{"logTime": "1109/150817", "correlationVector":"rmE9K0FAo7nLM8dL8LrbIC.139","action":"GetUpdates", "result":"DeleteReceived", "context":{"id":"fd71f321-bb56-417a-a1ab-fa8ab4d23d26", "isDeleted:":"true", "version":"1729666323270"}}
{"logTime": "1109/150817", "correlationVector":"rmE9K0FAo7nLM8dL8LrbIC.140","action":"GetUpdates", "result":"DeleteReceived", "context":{"id":"9c590322-8272-4680-b4d0-f45aa472ea14", "isDeleted:":"true", "version":"1729666323271"}}
{"logTime": "1109/150817", "correlationVector":"rmE9K0FAo7nLM8dL8LrbIC.141","action":"GetUpdates", "result":"DeleteReceived", "context":{"id":"1c325b70-8906-4587-bceb-1a0c025d7a80", "isDeleted:":"true", "version":"1729666323273"}}
{"logTime": "1109/150817", "correlationVector":"rmE9K0FAo7nLM8dL8LrbIC.142","action":"GetUpdates", "result":"DeleteReceived", "context":{"id":"313888ee-bfd4-49e3-8a70-556472e94990", "isDeleted:":"true", "version":"1729666674695"}}
{"logTime": "1109/150817", "correlationVector":"rmE9K0FAo7nLM8dL8LrbIC.143","action":"GetUpdates", "result":"DeleteReceived", "context":{"id":"9c67feda-0066-4c02-aa1e-105141264a1e", "isDeleted:":"true", "version":"1729749448625"}}
{"logTime": "1109/150817", "correlationVector":"rmE9K0FAo7nLM8dL8LrbIC.144","action":"GetUpdates", "result":"DeleteReceived", "context":{"id":"41d3f356-af6a-4eeb-9ff4-2eaea1b6b8d5", "isDeleted:":"true", "version":"1729749448627"}}
{"logTime": "1109/150817", "correlationVector":"rmE9K0FAo7nLM8dL8LrbIC.145","action":"GetUpdates", "result":"DeleteReceived", "context":{"id":"1742d5b9-b318-45fa-ad07-4e17bfb41419", "isDeleted:":"true", "version":"1729754054806"}}
{"logTime": "1109/150817", "correlationVector":"rmE9K0FAo7nLM8dL8LrbIC.146","action":"GetUpdates", "result":"DeleteReceived", "context":{"id":"a925aac5-4e85-46a5-a42f-7bd8b02df062", "isDeleted:":"true", "version":"1729759203553"}}
{"logTime": "1109/150817", "correlationVector":"rmE9K0FAo7nLM8dL8LrbIC.147","action":"GetUpdates", "result":"DeleteReceived", "context":{"id":"3d477558-d136-4708-af23-2a48a05ae6d3", "isDeleted:":"true", "version":"1729762999875"}}
{"logTime": "1109/150817", "correlationVector":"rmE9K0FAo7nLM8dL8LrbIC.148","action":"GetUpdates", "result":"DeleteReceived", "context":{"id":"ab4ec491-3133-423a-be5a-370ef7e5b576", "isDeleted:":"true", "version":"1729770086607"}}
{"logTime": "1109/150817", "correlationVector":"rmE9K0FAo7nLM8dL8LrbIC.149","action":"GetUpdates", "result":"DeleteReceived", "context":{"id":"1ca20263-f537-4fea-a248-490c7ba85f91", "isDeleted:":"true", "version":"1729771256679"}}
{"logTime": "1109/150817", "correlationVector":"rmE9K0FAo7nLM8dL8LrbIC.150","action":"GetUpdates", "result":"DeleteReceived", "context":{"id":"510e3f0d-7918-4a17-affc-c39d74ffd93b", "isDeleted:":"true", "version":"1729774378835"}}
{"logTime": "1109/150817", "correlationVector":"rmE9K0FAo7nLM8dL8LrbIC.151","action":"GetUpdates", "result":"DeleteReceived", "context":{"id":"e6901cb5-1c22-403a-91d8-357faaa322c6", "isDeleted:":"true", "version":"1729777382027"}}
{"logTime": "1109/150817", "correlationVector":"rmE9K0FAo7nLM8dL8LrbIC.152","action":"GetUpdates", "result":"DeleteReceived", "context":{"id":"d7b3df2b-c53f-49f2-86d2-0f79984ef0d5", "isDeleted:":"true", "version":"1729830347728"}}
{"logTime": "1109/150817", "correlationVector":"rmE9K0FAo7nLM8dL8LrbIC.153","action":"GetUpdates", "result":"DeleteReceived", "context":{"id":"79b8ca95-0304-4271-9db3-ab6545d5ca98", "isDeleted:":"true", "version":"1729830347731"}}
{"logTime": "1109/150817", "correlationVector":"rmE9K0FAo7nLM8dL8LrbIC.154","action":"GetUpdates", "result":"DeleteReceived", "context":{"id":"7e7ad1b4-595c-4302-9457-4662f96a5ae8", "isDeleted:":"true", "version":"1729833820419"}}
{"logTime": "1109/150817", "correlationVector":"rmE9K0FAo7nLM8dL8LrbIC.155","action":"GetUpdates", "result":"DeleteReceived", "context":{"id":"ae00b81a-8e9e-4b42-bcfd-57d9e8ead9c1", "isDeleted:":"true", "version":"1729836501775"}}
{"logTime": "1109/150817", "correlationVector":"rmE9K0FAo7nLM8dL8LrbIC.156","action":"GetUpdates", "result":"DeleteReceived", "context":{"id":"e0589152-2777-4cb8-9e63-b5d267653217", "isDeleted:":"true", "version":"1729839428602"}}
{"logTime": "1109/150817", "correlationVector":"rmE9K0FAo7nLM8dL8LrbIC.157","action":"GetUpdates", "result":"DeleteReceived", "context":{"id":"10524034-2ed1-4dc7-a5a1-f37f22c6c34a", "isDeleted:":"true", "version":"1729839428603"}}
{"logTime": "1109/150817", "correlationVector":"rmE9K0FAo7nLM8dL8LrbIC.158","action":"GetUpdates", "result":"DeleteReceived", "context":{"id":"af867f61-6b8d-45f6-aadd-9da876526228", "isDeleted:":"true", "version":"1730098087216"}}
{"logTime": "1109/150817", "correlationVector":"rmE9K0FAo7nLM8dL8LrbIC.159","action":"GetUpdates", "result":"DeleteReceived", "context":{"id":"e4103af7-f633-49b2-a8c1-3f4f357aff70", "isDeleted:":"true", "version":"1730098141503"}}
{"logTime": "1109/150817", "correlationVector":"rmE9K0FAo7nLM8dL8LrbIC.160","action":"GetUpdates", "result":"DeleteReceived", "context":{"id":"c700a3fe-da77-4c4c-87e4-9d0147765f18", "isDeleted:":"true", "version":"1730182224594"}}
{"logTime": "1109/150817", "correlationVector":"rmE9K0FAo7nLM8dL8LrbIC.161","action":"GetUpdates", "result":"DeleteReceived", "context":{"id":"49b32b47-2153-4cdf-9e45-8bd40147f277", "isDeleted:":"true", "version":"1730182224595"}}
{"logTime": "1109/150817", "correlationVector":"rmE9K0FAo7nLM8dL8LrbIC.162","action":"GetUpdates", "result":"DeleteReceived", "context":{"id":"65ea5e72-07ac-4163-9962-c3602f9d1c78", "isDeleted:":"true", "version":"1730184617385"}}
{"logTime": "1109/150817", "correlationVector":"rmE9K0FAo7nLM8dL8LrbIC.163","action":"GetUpdates", "result":"DeleteReceived", "context":{"id":"95322d8a-11a5-49bd-9e52-2e59a85fd942", "isDeleted:":"true", "version":"1730184617386"}}
{"logTime": "1109/150817", "correlationVector":"rmE9K0FAo7nLM8dL8LrbIC.164","action":"GetUpdates", "result":"DeleteReceived", "context":{"id":"31f81c0c-f273-4bcc-92e3-82040fe418cc", "isDeleted:":"true", "version":"1730184617387"}}
{"logTime": "1109/150817", "correlationVector":"rmE9K0FAo7nLM8dL8LrbIC.165","action":"GetUpdates", "result":"DeleteReceived", "context":{"id":"c2368932-1e32-4f20-83da-002811eee63f", "isDeleted:":"true", "version":"1730193647666"}}
{"logTime": "1109/150817", "correlationVector":"rmE9K0FAo7nLM8dL8LrbIC.166","action":"GetUpdates", "result":"DeleteReceived", "context":{"id":"f40bb5c7-4ffd-499c-9806-9a9e30232f41", "isDeleted:":"true", "version":"1730195488017"}}
{"logTime": "1109/150817", "correlationVector":"rmE9K0FAo7nLM8dL8LrbIC.167","action":"GetUpdates", "result":"DeleteReceived", "context":{"id":"af2a6217-67a3-4161-9041-e2c174f42d95", "isDeleted:":"true", "version":"1730205129446"}}
{"logTime": "1109/150817", "correlationVector":"rmE9K0FAo7nLM8dL8LrbIC.168","action":"GetUpdates", "result":"DeleteReceived", "context":{"id":"57d8293d-9ac5-4408-a412-5c0e8d1a8966", "isDeleted:":"true", "version":"1730205129448"}}
{"logTime": "1109/150817", "correlationVector":"rmE9K0FAo7nLM8dL8LrbIC.169","action":"GetUpdates", "result":"DeleteReceived", "context":{"id":"809ba2d2-6f29-4b50-89ef-2c53fa4f1246", "isDeleted:":"true", "version":"1730264587438"}}
{"logTime": "1109/150817", "correlationVector":"rmE9K0FAo7nLM8dL8LrbIC.170","action":"GetUpdates", "result":"DeleteReceived", "context":{"id":"178068d7-2d7d-4aec-9f6e-2a66e0a4679e", "isDeleted:":"true", "version":"1730268486330"}}
{"logTime": "1109/150817", "correlationVector":"rmE9K0FAo7nLM8dL8LrbIC.171","action":"GetUpdates", "result":"DeleteReceived", "context":{"id":"5539e456-b8a6-43b7-a7f5-e49ec2ae4447", "isDeleted:":"true", "version":"1730277934538"}}
{"logTime": "1109/150817", "correlationVector":"rmE9K0FAo7nLM8dL8LrbIC.172","action":"GetUpdates", "result":"DeleteReceived", "context":{"id":"3bb7f0c1-6bf5-4491-89f4-45c9d9efb0c0", "isDeleted:":"true", "version":"1730295581419"}}
{"logTime": "1109/150817", "correlationVector":"rmE9K0FAo7nLM8dL8LrbIC.173","action":"GetUpdates", "result":"DeleteReceived", "context":{"id":"ba5fcf38-c2ab-46e9-af4f-e6f3e1453f29", "isDeleted:":"true", "version":"1730368923758"}}
{"logTime": "1109/150817", "correlationVector":"rmE9K0FAo7nLM8dL8LrbIC.174","action":"GetUpdates", "result":"DeleteReceived", "context":{"id":"467e9028-4a4a-4f0e-b18c-47497804999a", "isDeleted:":"true", "version":"1730368923759"}}
{"logTime": "1109/150817", "correlationVector":"rmE9K0FAo7nLM8dL8LrbIC.175","action":"GetUpdates", "result":"DeleteReceived", "context":{"id":"aa95f33b-2d65-465f-9d8c-3f143aeb3a0b", "isDeleted:":"true", "version":"1730374281054"}}
{"logTime": "1109/150817", "correlationVector":"rmE9K0FAo7nLM8dL8LrbIC.176","action":"GetUpdates", "result":"DeleteReceived", "context":{"id":"5ae7bb4f-464d-4697-92ab-97733a809aa7", "isDeleted:":"true", "version":"1730374281055"}}
{"logTime": "1109/150817", "correlationVector":"rmE9K0FAo7nLM8dL8LrbIC.177","action":"GetUpdates", "result":"DeleteReceived", "context":{"id":"94108c11-becb-4d13-982e-45ed30d926e6", "isDeleted:":"true", "version":"1730374281056"}}
{"logTime": "1109/150817", "correlationVector":"rmE9K0FAo7nLM8dL8LrbIC.178","action":"GetUpdates", "result":"DeleteReceived", "context":{"id":"016afd1f-44cf-486c-859b-0ff875864688", "isDeleted:":"true", "version":"1730374316987"}}
{"logTime": "1109/150817", "correlationVector":"rmE9K0FAo7nLM8dL8LrbIC.179","action":"GetUpdates", "result":"DeleteReceived", "context":{"id":"af97c718-f459-4875-9d03-a462945f8e55", "isDeleted:":"true", "version":"1730436549716"}}
{"logTime": "1109/150817", "correlationVector":"rmE9K0FAo7nLM8dL8LrbIC.180","action":"GetUpdates", "result":"DeleteReceived", "context":{"id":"5bc9ffb6-ab5d-488b-86ca-e680935f1d4c", "isDeleted:":"true", "version":"1730436652528"}}
{"logTime": "1109/150817", "correlationVector":"rmE9K0FAo7nLM8dL8LrbIC.181","action":"GetUpdates", "result":"DeleteReceived", "context":{"id":"94ab3965-ba2a-448b-8cf0-6ab6c8d6bcff", "isDeleted:":"true", "version":"1730438392002"}}
{"logTime": "1109/150817", "correlationVector":"rmE9K0FAo7nLM8dL8LrbIC.182","action":"GetUpdates", "result":"DeleteReceived", "context":{"id":"4b8d78ef-7d04-400f-9b3c-384b1181974f", "isDeleted:":"true", "version":"1730438639254"}}
{"logTime": "1109/150817", "correlationVector":"rmE9K0FAo7nLM8dL8LrbIC.183","action":"GetUpdates", "result":"DeleteReceived", "context":{"id":"87475427-810b-43d9-9083-fcbecfc0019d", "isDeleted:":"true", "version":"1730440362889"}}
{"logTime": "1109/150817", "correlationVector":"rmE9K0FAo7nLM8dL8LrbIC.184","action":"GetUpdates", "result":"DeleteReceived", "context":{"id":"79308d0f-7f85-425f-8a06-8a14c75831a0", "isDeleted:":"true", "version":"1730440625603"}}
{"logTime": "1109/150817", "correlationVector":"rmE9K0FAo7nLM8dL8LrbIC.185","action":"GetUpdates", "result":"DeleteReceived", "context":{"id":"d93cbe24-efc3-44cd-b1f0-95705b5132b8", "isDeleted:":"true", "version":"1730441209944"}}
{"logTime": "1109/150817", "correlationVector":"rmE9K0FAo7nLM8dL8LrbIC.186","action":"GetUpdates", "result":"DeleteReceived", "context":{"id":"1d1fd2a4-7325-4dd1-9a4b-0642077623ff", "isDeleted:":"true", "version":"1730441249782"}}
{"logTime": "1109/150817", "correlationVector":"rmE9K0FAo7nLM8dL8LrbIC.187","action":"GetUpdates", "result":"DeleteReceived", "context":{"id":"6c379cf3-ea2c-4613-af19-04accec17323", "isDeleted:":"true", "version":"1730441448384"}}
{"logTime": "1109/150817", "correlationVector":"rmE9K0FAo7nLM8dL8LrbIC.188","action":"GetUpdates", "result":"DeleteReceived", "context":{"id":"a9ee36e8-dab9-4264-b920-87b3caa14a76", "isDeleted:":"true", "version":"1730442097790"}}
{"logTime": "1109/150817", "correlationVector":"rmE9K0FAo7nLM8dL8LrbIC.189","action":"GetUpdates", "result":"DeleteReceived", "context":{"id":"03c94026-d2cf-4552-9f49-733364c8ce88", "isDeleted:":"true", "version":"1730442979721"}}
{"logTime": "1109/150817", "correlationVector":"rmE9K0FAo7nLM8dL8LrbIC.190","action":"GetUpdates", "result":"DeleteReceived", "context":{"id":"4ab0f210-fe31-42db-931c-dc87ae5aeeca", "isDeleted:":"true", "version":"1730443161247"}}
{"logTime": "1109/150817", "correlationVector":"rmE9K0FAo7nLM8dL8LrbIC.191","action":"GetUpdates", "result":"DeleteReceived", "context":{"id":"a6a37b50-49a0-43d1-b9ba-e94caf83639b", "isDeleted:":"true", "version":"1730443979151"}}
{"logTime": "1109/150817", "correlationVector":"rmE9K0FAo7nLM8dL8LrbIC.192","action":"GetUpdates", "result":"DeleteReceived", "context":{"id":"1d573452-48d1-4261-b59d-7eafcd31111c", "isDeleted:":"true", "version":"1730444147977"}}
{"logTime": "1109/150817", "correlationVector":"rmE9K0FAo7nLM8dL8LrbIC.193","action":"GetUpdates", "result":"DeleteReceived", "context":{"id":"d2be8d87-0940-464a-be2c-bcbfc5f7ea0a", "isDeleted:":"true", "version":"1730444903484"}}
{"logTime": "1109/150817", "correlationVector":"rmE9K0FAo7nLM8dL8LrbIC.194","action":"GetUpdates", "result":"DeleteReceived", "context":{"id":"c71e34db-a164-40a8-a0bf-4771da1c55f8", "isDeleted:":"true", "version":"1730445163511"}}
{"logTime": "1109/150817", "correlationVector":"rmE9K0FAo7nLM8dL8LrbIC.195","action":"GetUpdates", "result":"DeleteReceived", "context":{"id":"22b03dd0-3abb-4f4d-abb4-6f73c3d1b551", "isDeleted:":"true", "version":"1730445333856"}}
{"logTime": "1109/150817", "correlationVector":"rmE9K0FAo7nLM8dL8LrbIC.196","action":"GetUpdates", "result":"DeleteReceived", "context":{"id":"fb4bad36-f4a1-401c-bf89-3703aae06050", "isDeleted:":"true", "version":"1730445522375"}}
{"logTime": "1109/150817", "correlationVector":"rmE9K0FAo7nLM8dL8LrbIC.197","action":"GetUpdates", "result":"DeleteReceived", "context":{"id":"4a6a6edf-88b8-42fb-b80a-441c8a341a68", "isDeleted:":"true", "version":"1730445933018"}}
{"logTime": "1109/150817", "correlationVector":"rmE9K0FAo7nLM8dL8LrbIC.198","action":"GetUpdates", "result":"DeleteReceived", "context":{"id":"62e7d042-3cd9-4442-88ed-63eac0ae3393", "isDeleted:":"true", "version":"1730446896998"}}
{"logTime": "1109/150817", "correlationVector":"rmE9K0FAo7nLM8dL8LrbIC.199","action":"GetUpdates", "result":"DeleteReceived", "context":{"id":"51884cda-9b36-4388-9da3-9e73c1143dc8", "isDeleted:":"true", "version":"1730449291001"}}
{"logTime": "1109/150817", "correlationVector":"rmE9K0FAo7nLM8dL8LrbIC.200","action":"GetUpdates", "result":"DeleteReceived", "context":{"id":"41ce1d67-4865-45d0-84dd-1d228f4a96bd", "isDeleted:":"true", "version":"1730452099799"}}
{"logTime": "1109/150817", "correlationVector":"rmE9K0FAo7nLM8dL8LrbIC.201","action":"GetUpdates", "result":"DeleteReceived", "context":{"id":"987d4f06-7c80-4abf-a8e3-119838a86183", "isDeleted:":"true", "version":"1730452099800"}}
{"logTime": "1109/150817", "correlationVector":"rmE9K0FAo7nLM8dL8LrbIC.202","action":"GetUpdates", "result":"DeleteReceived", "context":{"id":"48a06918-962a-45e0-ab7c-996b99560ba5", "isDeleted:":"true", "version":"1730463651109"}}
{"logTime": "1109/150817", "correlationVector":"rmE9K0FAo7nLM8dL8LrbIC.203","action":"GetUpdates", "result":"DeleteReceived", "context":{"id":"6611f019-055a-48fe-a183-779f10327ea6", "isDeleted:":"true", "version":"1730465314536"}}
{"logTime": "1109/150817", "correlationVector":"rmE9K0FAo7nLM8dL8LrbIC.204","action":"GetUpdates", "result":"DeleteReceived", "context":{"id":"3177a4df-5bea-4e59-87a0-fcc647a52270", "isDeleted:":"true", "version":"1730465351758"}}
{"logTime": "1109/150817", "correlationVector":"rmE9K0FAo7nLM8dL8LrbIC.205","action":"GetUpdates", "result":"DeleteReceived", "context":{"id":"6a21a443-ad8d-4ae8-aed9-dc31e840759c", "isDeleted:":"true", "version":"1730465448132"}}
{"logTime": "1109/150817", "correlationVector":"rmE9K0FAo7nLM8dL8LrbIC.206","action":"GetUpdates", "result":"DeleteReceived", "context":{"id":"3980b97a-5701-42e9-a923-45fae029d33a", "isDeleted:":"true", "version":"1730465448133"}}
{"logTime": "1109/150817", "correlationVector":"rmE9K0FAo7nLM8dL8LrbIC.207","action":"GetUpdates", "result":"DeleteReceived", "context":{"id":"e4bc8fa4-be52-42c4-8777-20ac8c34482c", "isDeleted:":"true", "version":"1730465448134"}}
{"logTime": "1109/150817", "correlationVector":"rmE9K0FAo7nLM8dL8LrbIC.208","action":"GetUpdates", "result":"DeleteReceived", "context":{"id":"74aaac3b-96bc-41c5-906b-9df2c4ac3eda", "isDeleted:":"true", "version":"1730465448135"}}
{"logTime": "1109/150817", "correlationVector":"rmE9K0FAo7nLM8dL8LrbIC.209","action":"GetUpdates", "result":"DeleteReceived", "context":{"id":"1bcac5b7-8693-409f-8c9e-0dac9fb0c505", "isDeleted:":"true", "version":"1730465448136"}}
{"logTime": "1109/150817", "correlationVector":"rmE9K0FAo7nLM8dL8LrbIC.210","action":"GetUpdates", "result":"DeleteReceived", "context":{"id":"91de43d9-db5d-43ae-bee8-10ac01299bdb", "isDeleted:":"true", "version":"1730468659485"}}
{"logTime": "1109/150817", "correlationVector":"rmE9K0FAo7nLM8dL8LrbIC.211","action":"GetUpdates", "result":"DeleteReceived", "context":{"id":"e7adb44a-1f72-47aa-bae0-04dccce5988d", "isDeleted:":"true", "version":"1730472383347"}}
{"logTime": "1109/150817", "correlationVector":"rmE9K0FAo7nLM8dL8LrbIC.212","action":"GetUpdates", "result":"DeleteReceived", "context":{"id":"268ac63a-de68-46c1-b1b2-99ba46878d00", "isDeleted:":"true", "version":"1730472444928"}}
{"logTime": "1109/150817", "correlationVector":"rmE9K0FAo7nLM8dL8LrbIC.213","action":"GetUpdates", "result":"DeleteReceived", "context":{"id":"8cab9ecb-742c-4ba1-9cf8-2dd2b6434864", "isDeleted:":"true", "version":"1730622771577"}}
{"logTime": "1109/150817", "correlationVector":"rmE9K0FAo7nLM8dL8LrbIC.214","action":"GetUpdates", "result":"DeleteReceived", "context":{"id":"2468af4e-0dee-4441-9317-a794f7d4fb30", "isDeleted:":"true", "version":"1730623188199"}}
{"logTime": "1109/150817", "correlationVector":"rmE9K0FAo7nLM8dL8LrbIC.215","action":"GetUpdates", "result":"DeleteReceived", "context":{"id":"f9722cc5-f587-47c1-bf00-cecc9dcd2bf5", "isDeleted:":"true", "version":"1730633110858"}}
{"logTime": "1109/150817", "correlationVector":"rmE9K0FAo7nLM8dL8LrbIC.216","action":"GetUpdates", "result":"DeleteReceived", "context":{"id":"eb5e4c79-0bc8-4501-8150-151668418c5c", "isDeleted:":"true", "version":"1730633640292"}}
{"logTime": "1109/150817", "correlationVector":"rmE9K0FAo7nLM8dL8LrbIC.217","action":"GetUpdates", "result":"DeleteReceived", "context":{"id":"6f3c9980-50b0-49bc-9418-6aa2e1420799", "isDeleted:":"true", "version":"1730635766037"}}
{"logTime": "1109/150817", "correlationVector":"rmE9K0FAo7nLM8dL8LrbIC.218","action":"GetUpdates", "result":"DeleteReceived", "context":{"id":"408069ea-6db8-4331-ad9e-b1818e720789", "isDeleted:":"true", "version":"1730638766559"}}
{"logTime": "1109/150817", "correlationVector":"rmE9K0FAo7nLM8dL8LrbIC.219","action":"GetUpdates", "result":"DeleteReceived", "context":{"id":"8605d7ba-a07c-452d-9381-b74da175b1e4", "isDeleted:":"true", "version":"1730714759752"}}
{"logTime": "1109/150817", "correlationVector":"rmE9K0FAo7nLM8dL8LrbIC.220","action":"GetUpdates", "result":"DeleteReceived", "context":{"id":"ab446c24-a9e9-45c2-8f27-6dfa9742acc2", "isDeleted:":"true", "version":"1730724966935"}}
{"logTime": "1109/150817", "correlationVector":"rmE9K0FAo7nLM8dL8LrbIC.221","action":"GetUpdates", "result":"DeleteReceived", "context":{"id":"1d70c3b2-7a81-48f0-a38a-b6d9efc237d6", "isDeleted:":"true", "version":"1730799722406"}}
{"logTime": "1109/150817", "correlationVector":"rmE9K0FAo7nLM8dL8LrbIC.222","action":"GetUpdates", "result":"DeleteReceived", "context":{"id":"1e05ed37-9141-4e23-bd31-f149a38ad541", "isDeleted:":"true", "version":"1730799722408"}}
{"logTime": "1109/150817", "correlationVector":"rmE9K0FAo7nLM8dL8LrbIC.223","action":"GetUpdates Response", "result":"Success", "context":Received 250 update(s). cV=rmE9K0FAo7nLM8dL8LrbIC.0;server=GENERAL01000012;cloudType=Consumer;environment=Prod_SoutheastAsia_000j;migrationStage=NotStarted Some updates remain.}
{"logTime": "1109/150817", "correlationVector":"QULCsdqvUDJSHUBflUyjBq","action":"Initial GetUpdates", "result":"", "context":Reason: NEWLY_SUPPORTED_DATATYPE. cV=QULCsdqvUDJSHUBflUyjBq}
{"logTime": "1109/150818", "correlationVector":"QULCsdqvUDJSHUBflUyjBq.1","action":"SyncServerConnectionManagerRequest", "result":"SYNC_SERVER_OK", "context":{"environment":"Prod_SoutheastAsia_000j", "migrationStage":"NotStarted", "server":"GENERAL0100001J"}}
{"logTime": "1109/150818", "correlationVector":"QULCsdqvUDJSHUBflUyjBq.2","action":"GetUpdates", "result":"DeleteReceived", "context":{"id":"05037dee-2968-4173-afcb-a6b7b81cf198", "isDeleted:":"true", "version":"1730872264460"}}
{"logTime": "1109/150818", "correlationVector":"QULCsdqvUDJSHUBflUyjBq.3","action":"GetUpdates", "result":"DeleteReceived", "context":{"id":"4bb769b2-3da3-49be-bf70-900a42e946de", "isDeleted:":"true", "version":"1730883986115"}}
{"logTime": "1109/150818", "correlationVector":"QULCsdqvUDJSHUBflUyjBq.4","action":"GetUpdates", "result":"DeleteReceived", "context":{"id":"44ad730c-c8ac-45f6-93de-c470ce5e1471", "isDeleted:":"true", "version":"1730885177541"}}
{"logTime": "1109/150818", "correlationVector":"QULCsdqvUDJSHUBflUyjBq.5","action":"GetUpdates", "result":"DeleteReceived", "context":{"id":"2330b36d-4d47-42cf-96f5-3a9dba44a194", "isDeleted:":"true", "version":"1730886324678"}}
{"logTime": "1109/150818", "correlationVector":"QULCsdqvUDJSHUBflUyjBq.6","action":"GetUpdates", "result":"DeleteReceived", "context":{"id":"d8353ebd-fe42-4287-8fa3-4c8b1ff492bb", "isDeleted:":"true", "version":"1730892871409"}}
{"logTime": "1109/150818", "correlationVector":"QULCsdqvUDJSHUBflUyjBq.7","action":"GetUpdates", "result":"DeleteReceived", "context":{"id":"80c7b52c-d33d-4339-a88b-7ed1136bb835", "isDeleted:":"true", "version":"1730900890168"}}
{"logTime": "1109/150818", "correlationVector":"QULCsdqvUDJSHUBflUyjBq.8","action":"GetUpdates", "result":"DeleteReceived", "context":{"id":"d94d39fd-c902-477b-b1b0-b40f698b8143", "isDeleted:":"true", "version":"1730900890169"}}
{"logTime": "1109/150818", "correlationVector":"QULCsdqvUDJSHUBflUyjBq.9","action":"GetUpdates", "result":"DeleteReceived", "context":{"id":"0bb8a0bf-87a1-46c3-897c-db626e01948b", "isDeleted:":"true", "version":"1730900890170"}}
{"logTime": "1109/150818", "correlationVector":"QULCsdqvUDJSHUBflUyjBq.10","action":"GetUpdates", "result":"DeleteReceived", "context":{"id":"15b823dd-da6c-4955-95f3-704d8ba00360", "isDeleted:":"true", "version":"1730900890171"}}
{"logTime": "1109/150818", "correlationVector":"QULCsdqvUDJSHUBflUyjBq.11","action":"GetUpdates", "result":"DeleteReceived", "context":{"id":"c6cc51ac-e402-4d46-85b1-62ae7e1076e6", "isDeleted:":"true", "version":"1730900890172"}}
{"logTime": "1109/150818", "correlationVector":"QULCsdqvUDJSHUBflUyjBq.12","action":"GetUpdates", "result":"DeleteReceived", "context":{"id":"d5af9d7a-820f-494d-846b-d94e245dc8fb", "isDeleted:":"true", "version":"1730988401970"}}
{"logTime": "1109/150818", "correlationVector":"QULCsdqvUDJSHUBflUyjBq.13","action":"GetUpdates", "result":"DeleteReceived", "context":{"id":"be577efc-6ac7-4443-a7e3-1cc3f59387fd", "isDeleted:":"true", "version":"1730989807712"}}
{"logTime": "1109/150818", "correlationVector":"QULCsdqvUDJSHUBflUyjBq.14","action":"GetUpdates", "result":"DeleteReceived", "context":{"id":"59c6482c-1749-433e-a7f2-b5ec35a8902f", "isDeleted:":"true", "version":"1730990089989"}}
{"logTime": "1109/150818", "correlationVector":"QULCsdqvUDJSHUBflUyjBq.15","action":"GetUpdates", "result":"DeleteReceived", "context":{"id":"c254b8b9-a7b8-46fa-a553-fb146ee3adc9", "isDeleted:":"true", "version":"1731040526752"}}
{"logTime": "1109/150818", "correlationVector":"QULCsdqvUDJSHUBflUyjBq.16","action":"GetUpdates", "result":"DeleteReceived", "context":{"id":"673a7146-d7d0-4508-ac29-2d74b775fb77", "isDeleted:":"true", "version":"1731043672444"}}
{"logTime": "1109/150818", "correlationVector":"QULCsdqvUDJSHUBflUyjBq.17","action":"GetUpdates", "result":"DeleteReceived", "context":{"id":"61d5eaa7-c1cc-4d6e-8414-6d570ad5ef52", "isDeleted:":"true", "version":"1731049640440"}}
{"logTime": "1109/150818", "correlationVector":"QULCsdqvUDJSHUBflUyjBq.18","action":"GetUpdates", "result":"DeleteReceived", "context":{"id":"d75f37b9-4cf0-4eab-a5c7-fbc2cea14040", "isDeleted:":"true", "version":"1731054154811"}}
{"logTime": "1109/150818", "correlationVector":"QULCsdqvUDJSHUBflUyjBq.19","action":"GetUpdates", "result":"DeleteReceived", "context":{"id":"c660c945-2751-4bd7-aa2d-a9c4c7af4c7f", "isDeleted:":"true", "version":"1731062145396"}}
{"logTime": "1109/150818", "correlationVector":"QULCsdqvUDJSHUBflUyjBq.20","action":"GetUpdates", "result":"DeleteReceived", "context":{"id":"9c0fc87b-974b-447e-b49d-0eed90cbbe9f", "isDeleted:":"true", "version":"1731063424303"}}
{"logTime": "1109/150818", "correlationVector":"QULCsdqvUDJSHUBflUyjBq.21","action":"GetUpdates", "result":"DeleteReceived", "context":{"id":"ed73444b-faf7-4d24-99a3-ca4422ce778b", "isDeleted:":"true", "version":"1731063819155"}}
{"logTime": "1109/150818", "correlationVector":"QULCsdqvUDJSHUBflUyjBq.22","action":"GetUpdates", "result":"DeleteReceived", "context":{"id":"10218d99-7431-400a-9a26-b0d1b838ae11", "isDeleted:":"true", "version":"1731064861774"}}
{"logTime": "1109/150818", "correlationVector":"QULCsdqvUDJSHUBflUyjBq.23","action":"GetUpdates", "result":"DeleteReceived", "context":{"id":"1cd9c03f-dcd2-48cc-85c0-c289e00b56ac", "isDeleted:":"true", "version":"1731065034406"}}
{"logTime": "1109/150818", "correlationVector":"QULCsdqvUDJSHUBflUyjBq.24","action":"GetUpdates", "result":"DeleteReceived", "context":{"id":"a423769c-c246-4aca-8777-b669548b3a3e", "isDeleted:":"true", "version":"1731065034407"}}
{"logTime": "1109/150818", "correlationVector":"QULCsdqvUDJSHUBflUyjBq.25","action":"GetUpdates", "result":"DeleteReceived", "context":{"id":"be2fc87b-7d67-4abc-87e9-9e9be264f61d", "isDeleted:":"true", "version":"1731065285963"}}
{"logTime": "1109/150818", "correlationVector":"QULCsdqvUDJSHUBflUyjBq.26","action":"GetUpdates", "result":"DeleteReceived", "context":{"id":"e8392977-7903-45d7-aa2d-437d73f7e319", "isDeleted:":"true", "version":"1731065656648"}}
{"logTime": "1109/150818", "correlationVector":"QULCsdqvUDJSHUBflUyjBq.27","action":"GetUpdates", "result":"DeleteReceived", "context":{"id":"a3e184f9-2299-4e26-9564-dee63664f575", "isDeleted:":"true", "version":"1731065656649"}}
{"logTime": "1109/150818", "correlationVector":"QULCsdqvUDJSHUBflUyjBq.28","action":"GetUpdates", "result":"DeleteReceived", "context":{"id":"67a0db1c-5934-4ef7-aa92-02013ff86b35", "isDeleted:":"true", "version":"1731065821624"}}
{"logTime": "1109/150818", "correlationVector":"QULCsdqvUDJSHUBflUyjBq.29","action":"GetUpdates", "result":"DeleteReceived", "context":{"id":"a40b17d4-c23e-4d5b-8122-c42c39da70cd", "isDeleted:":"true", "version":"1731071495593"}}
{"logTime": "1109/150818", "correlationVector":"QULCsdqvUDJSHUBflUyjBq.30","action":"GetUpdates", "result":"DeleteReceived", "context":{"id":"057b576e-7c79-401f-8f87-6bc7d89905b5", "isDeleted:":"true", "version":"1731073771013"}}
{"logTime": "1109/150818", "correlationVector":"QULCsdqvUDJSHUBflUyjBq.31","action":"GetUpdates", "result":"DeleteReceived", "context":{"id":"b6d9c31d-fdb8-41e6-8a70-4276b725c01e", "isDeleted:":"true", "version":"1731074464593"}}
{"logTime": "1109/150818", "correlationVector":"QULCsdqvUDJSHUBflUyjBq.32","action":"GetUpdates", "result":"DeleteReceived", "context":{"id":"ec482398-93fc-4825-9e8d-5fb519652305", "isDeleted:":"true", "version":"1731078980768"}}
{"logTime": "1109/150818", "correlationVector":"QULCsdqvUDJSHUBflUyjBq.33","action":"GetUpdates", "result":"DeleteReceived", "context":{"id":"b6c575a8-47ac-4c68-82be-91e1073a3b84", "isDeleted:":"true", "version":"1731079187450"}}
{"logTime": "1109/150818", "correlationVector":"QULCsdqvUDJSHUBflUyjBq.34","action":"GetUpdates", "result":"DeleteReceived", "context":{"id":"c9b56159-9224-492e-9457-2bbaf54b0706", "isDeleted:":"true", "version":"1731079472865"}}
{"logTime": "1109/150818", "correlationVector":"QULCsdqvUDJSHUBflUyjBq.35","action":"GetUpdates", "result":"DeleteReceived", "context":{"id":"589088b7-75f5-45f2-87e3-719932f16b90", "isDeleted:":"true", "version":"1731079688864"}}
{"logTime": "1109/150818", "correlationVector":"QULCsdqvUDJSHUBflUyjBq.36","action":"GetUpdates", "result":"DeleteReceived", "context":{"id":"094a0bbd-35d0-4ae0-b077-30113adc7b4c", "isDeleted:":"true", "version":"1731081579350"}}
{"logTime": "1109/150818", "correlationVector":"QULCsdqvUDJSHUBflUyjBq.37","action":"GetUpdates", "result":"DeleteReceived", "context":{"id":"9f766788-345a-4cda-8c26-716c23dcaef2", "isDeleted:":"true", "version":"1731133331415"}}
{"logTime": "1109/150818", "correlationVector":"QULCsdqvUDJSHUBflUyjBq.38","action":"GetUpdates", "result":"DeleteReceived", "context":{"id":"f37f9e50-735e-4894-b3b9-42a2067a757c", "isDeleted:":"true", "version":"1731133331416"}}
{"logTime": "1109/150818", "correlationVector":"QULCsdqvUDJSHUBflUyjBq.39","action":"GetUpdates", "result":"DeleteReceived", "context":{"id":"5484ab2c-df5a-4afd-af35-08cf83079b8c", "isDeleted:":"true", "version":"1731134146163"}}
{"logTime": "1109/150818", "correlationVector":"QULCsdqvUDJSHUBflUyjBq.40","action":"GetUpdates", "result":"DeleteReceived", "context":{"id":"924adca2-c437-4340-b7c0-68d95163329d", "isDeleted:":"true", "version":"1731142072142"}}
{"logTime": "1109/150818", "correlationVector":"QULCsdqvUDJSHUBflUyjBq.41","action":"GetUpdates", "result":"DeleteReceived", "context":{"id":"9ab79cbc-c591-43d3-8338-130ac81aa8d3", "isDeleted:":"true", "version":"1731142537532"}}
{"logTime": "1109/150818", "correlationVector":"QULCsdqvUDJSHUBflUyjBq.42","action":"GetUpdates", "result":"DeleteReceived", "context":{"id":"444a1d63-551e-440e-b794-2be59c51c84c", "isDeleted:":"true", "version":"1731147024233"}}
{"logTime": "1109/150818", "correlationVector":"QULCsdqvUDJSHUBflUyjBq.43","action":"GetUpdates", "result":"DeleteReceived", "context":{"id":"8cf741ab-a114-4b1b-a98a-cd4e5ba23c0f", "isDeleted:":"true", "version":"1731147895514"}}
{"logTime": "1109/150818", "correlationVector":"QULCsdqvUDJSHUBflUyjBq.44","action":"GetUpdates", "result":"DeleteReceived", "context":{"id":"378a7774-1e5d-4ca1-8522-587a6832fd50", "isDeleted:":"true", "version":"1731149458454"}}
{"logTime": "1109/150818", "correlationVector":"QULCsdqvUDJSHUBflUyjBq.45","action":"GetUpdates", "result":"DeleteReceived", "context":{"id":"8b2a65be-a134-4893-b73c-968903da53d4", "isDeleted:":"true", "version":"1731150076678"}}
{"logTime": "1109/150818", "correlationVector":"QULCsdqvUDJSHUBflUyjBq.46","action":"GetUpdates", "result":"DeleteReceived", "context":{"id":"4f6938de-1998-44a2-b95e-2c2e0c9f55bb", "isDeleted:":"true", "version":"1731156013384"}}
{"logTime": "1109/150818", "correlationVector":"QULCsdqvUDJSHUBflUyjBq.47","action":"GetUpdates", "result":"DeleteReceived", "context":{"id":"63f257bc-c7cf-4430-8849-298204a7002f", "isDeleted:":"true", "version":"1731156404870"}}
{"logTime": "1109/150818", "correlationVector":"QULCsdqvUDJSHUBflUyjBq.48","action":"GetUpdates", "result":"DeleteReceived", "context":{"id":"3515d888-347f-474f-a1f8-4747223820b9", "isDeleted:":"true", "version":"1731157003586"}}
{"logTime": "1109/150818", "correlationVector":"QULCsdqvUDJSHUBflUyjBq.49","action":"GetUpdates Response", "result":"Success", "context":Received 66 update(s). cV=QULCsdqvUDJSHUBflUyjBq.0;server=GENERAL0100001J;cloudType=Consumer;environment=Prod_SoutheastAsia_000j;migrationStage=NotStarted}
{"logTime": "1109/150818", "correlationVector":"nkwXP0HrBciYXVAnuZMT9y","action":"Normal GetUpdate request", "result":"", "context":cV=nkwXP0HrBciYXVAnuZMT9y
Nudged types: Sessions, Device Info, User Consents
Refresh requested types: Bookmarks, Preferences, Passwords, Autofill Profiles, Autofill, Typed URLs, Extensions, Sessions, Extension settings, History Delete Directives, Device Info, User Consents, Send Tab To Self, Web Apps, Collection, Edge E Drop, Edge Hub App Usage, Edge Tab Group, Edge Wallet, Encryption Keys}
{"logTime": "1109/150819", "correlationVector":"nkwXP0HrBciYXVAnuZMT9y.1","action":"SyncServerConnectionManagerRequest", "result":"SYNC_SERVER_OK", "context":{"environment":"Prod_SoutheastAsia_000j", "migrationStage":"NotStarted", "server":"GENERAL03000017"}}
{"logTime": "1109/150819", "correlationVector":"nkwXP0HrBciYXVAnuZMT9y.2","action":"GetUpdates Response", "result":"Success", "context":Received 0 update(s). cV=nkwXP0HrBciYXVAnuZMT9y.0;server=GENERAL03000017;cloudType=Consumer;environment=Prod_SoutheastAsia_000j;migrationStage=NotStarted}
{"logTime": "1109/150819", "correlationVector":"KoSDCHh3BTY2PguDqLNH9V","action":"DoCompareDataConsistency requsted types: ", "result":"Bookmarks, Preferences, Passwords, Typed URLs, Extensions, Extension settings, History Delete Directives, Send Tab To Self, Web Apps, Collection, Edge E Drop, Edge Tab Group, Edge Wallet, Encryption Keys"}
{"logTime": "1109/150819", "correlationVector":"KoSDCHh3BTY2PguDqLNH9V.0","action":"CompareDataConsistency result: ", "result":"Compare result: Encryption Keys is consistent. local entities count is: 1 local entities hash is: 8Rf5S/re8NsyaZ0nhUd7MmjuTvQ="}
{"logTime": "1109/150819", "correlationVector":"KoSDCHh3BTY2PguDqLNH9V.1","action":"CompareDataConsistency result: ", "result":"Compare result: Bookmarks is consistent. local entities count is: 25 local entities hash is: vdP6KGm5oX4jlI49FZNn0WvLjxI="}
{"logTime": "1109/150819", "correlationVector":"KoSDCHh3BTY2PguDqLNH9V.2","action":"CompareDataConsistency result: ", "result":"Compare result: Preferences is consistent. local entities count is: 73 local entities hash is: e8/7lCedY+jbnglyRPztPbng8EA="}
{"logTime": "1109/150819", "correlationVector":"KoSDCHh3BTY2PguDqLNH9V.3","action":"CompareDataConsistency result: ", "result":"Server did not send this Typed URLs local entities count is: 14 local entities hash is: Eb4VlA8ayETpRP2WPe7G6nHvDhY="}
{"logTime": "1109/150819", "correlationVector":"KoSDCHh3BTY2PguDqLNH9V.4","action":"CompareDataConsistency result: ", "result":"Compare result: Extensions is consistent. local entities count is: 2 local entities hash is: MZbJm9jOCKt10HosxlS37uWfqQ0="}
{"logTime": "1109/150819", "correlationVector":"KoSDCHh3BTY2PguDqLNH9V.5","action":"CompareDataConsistency result: ", "result":"Compare result: Extension settings is consistent. local entities count is: 0 local entities hash is: "}
{"logTime": "1109/150819", "correlationVector":"KoSDCHh3BTY2PguDqLNH9V.6","action":"CompareDataConsistency result: ", "result":"Compare result: History Delete Directives is consistent. local entities count is: 0 local entities hash is: "}
{"logTime": "1109/150819", "correlationVector":"KoSDCHh3BTY2PguDqLNH9V.7","action":"CompareDataConsistency result: ", "result":"Server did not send this Send Tab To Self local entities count is: 0 local entities hash is: "}
{"logTime": "1109/150819", "correlationVector":"KoSDCHh3BTY2PguDqLNH9V.8","action":"CompareDataConsistency result: ", "result":"Compare result: Web Apps is consistent. local entities count is: 0 local entities hash is: "}
{"logTime": "1109/150819", "correlationVector":"KoSDCHh3BTY2PguDqLNH9V.9","action":"CompareDataConsistency result: ", "result":"Compare result: Collection is consistent. local entities count is: 0 local entities hash is: "}
{"logTime": "1109/150819", "correlationVector":"KoSDCHh3BTY2PguDqLNH9V.10","action":"CompareDataConsistency result: ", "result":"Compare result: Edge E Drop is consistent. local entities count is: 0 local entities hash is: "}
{"logTime": "1109/150819", "correlationVector":"KoSDCHh3BTY2PguDqLNH9V.11","action":"CompareDataConsistency result: ", "result":"Compare result: Edge Tab Group is consistent. local entities count is: 0 local entities hash is: "}
{"logTime": "1109/150819", "correlationVector":"KoSDCHh3BTY2PguDqLNH9V.12","action":"CompareDataConsistency result: ", "result":"Compare result: Edge Wallet is consistent. local entities count is: 0 local entities hash is: "}
{"logTime": "1109/150819", "correlationVector":"KoSDCHh3BTY2PguDqLNH9V.13","action":"CompareDataConsistency result: ", "result":"Compare result: Passwords is consistent. local entities count is: 44 local entities hash is: JueK+kmZGtWyVxxzubQsyXnRE+I="}
{"logTime": "1109/150819", "correlationVector":"p6jkmGjI9yP3Mxqhch2hT7","action":"Commit Request", "result":"", "context":Item count: 5
Contributing types: Sessions, Device Info, User Consents}
{"logTime": "1109/150820", "correlationVector":"p6jkmGjI9yP3Mxqhch2hT7.1","action":"SyncServerConnectionManagerRequest", "result":"SYNC_SERVER_OK", "context":{"environment":"Prod_SoutheastAsia_000j", "migrationStage":"NotStarted", "server":"GENERAL01000004"}}
{"logTime": "1109/150820", "correlationVector":"p6jkmGjI9yP3Mxqhch2hT7.2","action":"Commit Response", "result":"Success", "context":Result: Success. cV=p6jkmGjI9yP3Mxqhch2hT7.0;server=GENERAL01000004;cloudType=Consumer;environment=Prod_SoutheastAsia_000j;migrationStage=NotStarted}
{"logTime": "1109/150820", "correlationVector":"","action":"DIAGNOSTIC_REQUEST|v1/diagnosticData/Diagnostic.SendCheckResult()|SUCCESS", "result":""}
{"logTime": "1109/150820", "correlationVector":"KKtiMUvjk/lI5uaFO3Nmxb","action":"Normal GetUpdate request", "result":"", "context":cV=KKtiMUvjk/lI5uaFO3Nmxb
Nudged types: Sessions, Device Info}
{"logTime": "1109/150821", "correlationVector":"KKtiMUvjk/lI5uaFO3Nmxb.1","action":"SyncServerConnectionManagerRequest", "result":"SYNC_SERVER_OK", "context":{"environment":"Prod_SoutheastAsia_000j", "migrationStage":"NotStarted", "server":"GENERAL0300002C"}}
{"logTime": "1109/150821", "correlationVector":"KKtiMUvjk/lI5uaFO3Nmxb.2","action":"GetUpdates Response", "result":"Success", "context":Received 3 update(s). cV=KKtiMUvjk/lI5uaFO3Nmxb.0;server=GENERAL0300002C;cloudType=Consumer;environment=Prod_SoutheastAsia_000j;migrationStage=NotStarted}
{"logTime": "1109/150823", "correlationVector":"w8mbVAvCbdZJSpHN91+e2/","action":"Commit Request", "result":"", "context":Item count: 1
Contributing types: Passwords}
{"logTime": "1109/150824", "correlationVector":"w8mbVAvCbdZJSpHN91+e2/.1","action":"SyncServerConnectionManagerRequest", "result":"SYNC_SERVER_OK", "context":{"environment":"Prod_SoutheastAsia_000j", "migrationStage":"NotStarted", "server":"GENERAL01000000"}}
{"logTime": "1109/150824", "correlationVector":"w8mbVAvCbdZJSpHN91+e2/.2","action":"Commit Response", "result":"Success", "context":Result: Success. cV=w8mbVAvCbdZJSpHN91+e2/.0;server=GENERAL01000000;cloudType=Consumer;environment=Prod_SoutheastAsia_000j;migrationStage=NotStarted}
{"logTime": "1109/150827", "correlationVector":"ArZo4ToHeoPRmA9QDd5+Sf","action":"Normal GetUpdate request", "result":"", "context":cV=ArZo4ToHeoPRmA9QDd5+Sf
Notified types: Passwords}
{"logTime": "1109/150827", "correlationVector":"ArZo4ToHeoPRmA9QDd5+Sf.1","action":"SyncServerConnectionManagerRequest", "result":"SYNC_SERVER_OK", "context":{"environment":"Prod_SoutheastAsia_000j", "migrationStage":"NotStarted", "server":"GENERAL0100000P"}}
{"logTime": "1109/150827", "correlationVector":"ArZo4ToHeoPRmA9QDd5+Sf.2","action":"GetUpdates Response", "result":"Success", "context":Received 1 update(s). cV=ArZo4ToHeoPRmA9QDd5+Sf.0;server=GENERAL0100000P;cloudType=Consumer;environment=Prod_SoutheastAsia_000j;migrationStage=NotStarted}
{"logTime": "1109/151033", "correlationVector":"mjsuiatTrpdv+tVhi/jKFB","action":"Commit Request", "result":"", "context":Item count: 1
Contributing types: Sessions}
{"logTime": "1109/151033", "correlationVector":"mjsuiatTrpdv+tVhi/jKFB.1","action":"SyncServerConnectionManagerRequest", "result":"SYNC_SERVER_OK", "context":{"environment":"Prod_SoutheastAsia_000j", "migrationStage":"NotStarted", "server":"GENERAL03000020"}}
{"logTime": "1109/151033", "correlationVector":"mjsuiatTrpdv+tVhi/jKFB.2","action":"Commit Response", "result":"Success", "context":Result: Success. cV=mjsuiatTrpdv+tVhi/jKFB.0;server=GENERAL03000020;cloudType=Consumer;environment=Prod_SoutheastAsia_000j;migrationStage=NotStarted}
{"logTime": "1109/151307", "correlationVector":"cIxNTZhmB85sArnRmY06z0","action":"Normal GetUpdate request", "result":"", "context":cV=cIxNTZhmB85sArnRmY06z0
Nudged types: Sessions
Refresh requested types: Bookmarks, Preferences, Passwords, Autofill Profiles, Autofill, Typed URLs, Extensions, Sessions, Extension settings, History Delete Directives, Device Info, User Consents, Send Tab To Self, Web Apps, Collection, Edge E Drop, Edge Hub App Usage, Edge Tab Group, Edge Wallet, Encryption Keys}
{"logTime": "1109/151308", "correlationVector":"cIxNTZhmB85sArnRmY06z0.1","action":"SyncServerConnectionManagerRequest", "result":"SYNC_SERVER_OK", "context":{"environment":"Prod_SoutheastAsia_000j", "migrationStage":"NotStarted", "server":"GENERAL0100000M"}}
{"logTime": "1109/151308", "correlationVector":"cIxNTZhmB85sArnRmY06z0.2","action":"GetUpdates Response", "result":"Success", "context":Received 1 update(s). cV=cIxNTZhmB85sArnRmY06z0.0;server=GENERAL0100000M;cloudType=Consumer;environment=Prod_SoutheastAsia_000j;migrationStage=NotStarted}
{"logTime": "1109/151308", "correlationVector":"iOZx5eia0+HvEj0+DGjDmC","action":"Commit Request", "result":"", "context":Item count: 1
Contributing types: Sessions}
{"logTime": "1109/151308", "correlationVector":"iOZx5eia0+HvEj0+DGjDmC.1","action":"SyncServerConnectionManagerRequest", "result":"SYNC_SERVER_OK", "context":{"environment":"Prod_SoutheastAsia_000j", "migrationStage":"NotStarted", "server":"GENERAL0300001C"}}
{"logTime": "1109/151308", "correlationVector":"iOZx5eia0+HvEj0+DGjDmC.2","action":"Commit Response", "result":"Success", "context":Result: Success. cV=iOZx5eia0+HvEj0+DGjDmC.0;server=GENERAL0300001C;cloudType=Consumer;environment=Prod_SoutheastAsia_000j;migrationStage=NotStarted}
{"logTime": "1109/151338", "correlationVector":"UKQ5x+HDjgK98TQjOPoHBT","action":"Commit Request", "result":"", "context":Item count: 1
Contributing types: Sessions}
{"logTime": "1109/151339", "correlationVector":"UKQ5x+HDjgK98TQjOPoHBT.1","action":"SyncServerConnectionManagerRequest", "result":"SYNC_SERVER_OK", "context":{"environment":"Prod_SoutheastAsia_000j", "migrationStage":"NotStarted", "server":"GENERAL01000012"}}
{"logTime": "1109/151339", "correlationVector":"UKQ5x+HDjgK98TQjOPoHBT.2","action":"Commit Response", "result":"Success", "context":Result: Success. cV=UKQ5x+HDjgK98TQjOPoHBT.0;server=GENERAL01000012;cloudType=Consumer;environment=Prod_SoutheastAsia_000j;migrationStage=NotStarted}
{"logTime": "1109/151505", "correlationVector":"OFJU9TveR0HNVp/KXDt9Al","action":"Commit Request", "result":"", "context":Item count: 1
Contributing types: Sessions}
{"logTime": "1109/151505", "correlationVector":"OFJU9TveR0HNVp/KXDt9Al.1","action":"SyncServerConnectionManagerRequest", "result":"SYNC_SERVER_OK", "context":{"environment":"Prod_SoutheastAsia_000j", "migrationStage":"NotStarted", "server":"GENERAL0300000W"}}
{"logTime": "1109/151505", "correlationVector":"OFJU9TveR0HNVp/KXDt9Al.2","action":"Commit Response", "result":"Success", "context":Result: Success. cV=OFJU9TveR0HNVp/KXDt9Al.0;server=GENERAL0300000W;cloudType=Consumer;environment=Prod_SoutheastAsia_000j;migrationStage=NotStarted}
{"logTime": "1109/151822", "correlationVector":"Rj77zrbdMjzR96BJvzCasw","action":"Commit Request", "result":"", "context":Item count: 2
Contributing types: Passwords, Sessions}
{"logTime": "1109/151823", "correlationVector":"Rj77zrbdMjzR96BJvzCasw.1","action":"SyncServerConnectionManagerRequest", "result":"SYNC_SERVER_OK", "context":{"environment":"Prod_SoutheastAsia_000j", "migrationStage":"NotStarted", "server":"GENERAL0100001J"}}
{"logTime": "1109/151823", "correlationVector":"Rj77zrbdMjzR96BJvzCasw.2","action":"Commit Response", "result":"Success", "context":Result: Success. cV=Rj77zrbdMjzR96BJvzCasw.0;server=GENERAL0100001J;cloudType=Consumer;environment=Prod_SoutheastAsia_000j;migrationStage=NotStarted}
{"logTime": "1109/152643", "correlationVector":"qOILB4oMW4gTcHqVth+dUd","action":"Commit Request", "result":"", "context":Item count: 1
Contributing types: Sessions}
{"logTime": "1109/152643", "correlationVector":"qOILB4oMW4gTcHqVth+dUd.1","action":"SyncServerConnectionManagerRequest", "result":"SYNC_SERVER_OK", "context":{"environment":"Prod_SoutheastAsia_000j", "migrationStage":"NotStarted", "server":"GENERAL03000009"}}
{"logTime": "1109/152643", "correlationVector":"qOILB4oMW4gTcHqVth+dUd.2","action":"Commit Response", "result":"Success", "context":Result: Success. cV=qOILB4oMW4gTcHqVth+dUd.0;server=GENERAL03000009;cloudType=Consumer;environment=Prod_SoutheastAsia_000j;migrationStage=NotStarted}
{"logTime": "1109/152929", "correlationVector":"Nx08UnsjZuCBumxSTCJS3G","action":"Commit Request", "result":"", "context":Item count: 4
Contributing types: Sessions}
{"logTime": "1109/152929", "correlationVector":"Nx08UnsjZuCBumxSTCJS3G.1","action":"SyncServerConnectionManagerRequest", "result":"SYNC_SERVER_OK", "context":{"environment":"Prod_SoutheastAsia_000j", "migrationStage":"NotStarted", "server":"GENERAL01000000"}}
{"logTime": "1109/152929", "correlationVector":"Nx08UnsjZuCBumxSTCJS3G.2","action":"Commit Response", "result":"Success", "context":Result: Success. cV=Nx08UnsjZuCBumxSTCJS3G.0;server=GENERAL01000000;cloudType=Consumer;environment=Prod_SoutheastAsia_000j;migrationStage=NotStarted}
